Copyright 1986-2020 Xilinx, Inc. All Rights Reserved.
------------------------------------------------------------------------------------------------------------------------------------------
| Tool Version : Vivado v.2020.2 (lin64) Build 3064766 Wed Nov 18 09:12:47 MST 2020
| Date         : Tue Oct 26 12:34:38 2021
| Host         : mconsonni-All-Series running 64-bit Ubuntu 20.04.3 LTS
| Command      : report_drc -file design_1_wrapper_drc_routed.rpt -pb design_1_wrapper_drc_routed.pb -rpx design_1_wrapper_drc_routed.rpx
| Design       : design_1_wrapper
| Device       : xc7a100tftg256-2
| Speed File   : -2
| Design State : Fully Routed
------------------------------------------------------------------------------------------------------------------------------------------

Report DRC

Table of Contents
-----------------
1. REPORT SUMMARY
2. REPORT DETAILS

1. REPORT SUMMARY
-----------------
            Netlist: netlist
          Floorplan: design_1
      Design limits: <entire design considered>
           Ruledeck: default
             Max violations: <unlimited>
             Violations found: 64
+-------------+----------+-------------------------------------------------------------+------------+
| Rule        | Severity | Description                                                 | Violations |
+-------------+----------+-------------------------------------------------------------+------------+
| BUFC-1      | Warning  | Input Buffer Connections                                    | 1          |
| CFGBVS-1    | Warning  | Missing CFGBVS and CONFIG_VOLTAGE Design Properties         | 1          |
| CHECK-3     | Warning  | Report rule limit reached                                   | 2          |
| DPIP-1      | Warning  | Input pipelining                                            | 1          |
| DPOP-1      | Warning  | PREG Output pipelining                                      | 1          |
| DPOP-2      | Warning  | MREG Output pipelining                                      | 1          |
| PDRC-153    | Warning  | Gated clock check                                           | 9          |
| PLCK-23     | Warning  | Clock Placer Checks                                         | 1          |
| PLHOLDVIO-2 | Warning  | Non-Optimal connections which could lead to hold violations | 6          |
| REQP-1839   | Warning  | RAMB36 async control check                                  | 20         |
| REQP-1840   | Warning  | RAMB18 async control check                                  | 20         |
| RTSTAT-10   | Warning  | No routable loads                                           | 1          |
+-------------+----------+-------------------------------------------------------------+------------+

2. REPORT DETAILS
-----------------
BUFC-1#1 Warning
Input Buffer Connections  
Input buffer QSPI_MEMORY_IF_ss_iobuf/IBUF (in QSPI_MEMORY_IF_ss_iobuf macro) has no loads. It is recommended to have an input buffer drive an internal load.
Related violations: <none>

CFGBVS-1#1 Warning
Missing CFGBVS and CONFIG_VOLTAGE Design Properties  
Neither the CFGBVS nor CONFIG_VOLTAGE voltage property is set in the current_design.  Configuration bank voltage select (CFGBVS) must be set to VCCO or GND, and CONFIG_VOLTAGE must be set to the correct configuration voltage, in order to determine the I/O voltage support for the pins in bank 0.  It is suggested to specify these either using the 'Edit Device Properties' function in the GUI or directly in the XDC file using the following syntax:

 set_property CFGBVS value1 [current_design]
 #where value1 is either VCCO or GND

 set_property CONFIG_VOLTAGE value2 [current_design]
 #where value2 is the voltage provided to configuration bank 0

Refer to the device configuration user guide for more information.
Related violations: <none>

CHECK-3#1 Warning
Report rule limit reached  
REQP-1839 rule limit reached: 20 violations have been found.
Related violations: <none>

CHECK-3#2 Warning
Report rule limit reached  
REQP-1840 rule limit reached: 20 violations have been found.
Related violations: <none>

DPIP-1#1 Warning
Input pipelining  
DSP design_1_i/TDC_Calib/AXI4_TDC_Wrapper_0/U0/axi4_wrapper_inst/axi4_inst/s00_axi_rdata1 input design_1_i/TDC_Calib/AXI4_TDC_Wrapper_0/U0/axi4_wrapper_inst/axi4_inst/s00_axi_rdata1/A[29:0] is not pipelined. Pipelining DSP48 input will improve performance.
Related violations: <none>

DPOP-1#1 Warning
PREG Output pipelining  
DSP design_1_i/TDC_Calib/AXI4_TDC_Wrapper_0/U0/axi4_wrapper_inst/axi4_inst/s00_axi_rdata1 output design_1_i/TDC_Calib/AXI4_TDC_Wrapper_0/U0/axi4_wrapper_inst/axi4_inst/s00_axi_rdata1/P[47:0] is not pipelined (PREG=0). Pipelining the DSP48 output will improve performance and often saves power so it is suggested whenever possible to fully pipeline this function.  If this DSP48 function was inferred, it is suggested to describe an additional register stage after this function.  If the DSP48 was instantiated in the design, it is suggested to set the PREG attribute to 1.
Related violations: <none>

DPOP-2#1 Warning
MREG Output pipelining  
DSP design_1_i/TDC_Calib/AXI4_TDC_Wrapper_0/U0/axi4_wrapper_inst/axi4_inst/s00_axi_rdata1 multiplier stage design_1_i/TDC_Calib/AXI4_TDC_Wrapper_0/U0/axi4_wrapper_inst/axi4_inst/s00_axi_rdata1/P[47:0] is not pipelined (MREG=0). Pipelining the multiplier function will improve performance and will save significant power so it is suggested whenever possible to fully pipeline this function.  If this multiplier was inferred, it is suggested to describe an additional register stage after this function.  If there is no registered adder/accumulator following the multiply function, two pipeline stages are suggested to allow both the MREG and PREG registers to be used.  If the DSP48 was instantiated in the design, it is suggested to set both the MREG and PREG attributes to 1 when performing multiply functions.
Related violations: <none>

PDRC-153#1 Warning
Gated clock check  
Net design_1_i/AXI4Stream_FT245Sync_0/U0/FT245_sync_engine_inst/skid_RX_inst/out_valid_int_reg_i_2_n_0 is a gated clock net sourced by a combinational pin design_1_i/AXI4Stream_FT245Sync_0/U0/FT245_sync_engine_inst/skid_RX_inst/out_valid_int_reg_i_2/O, cell design_1_i/AXI4Stream_FT245Sync_0/U0/FT245_sync_engine_inst/skid_RX_inst/out_valid_int_reg_i_2. This is not good design practice and will likely impact performance. For SLICE registers, for example, use the CE pin to control the loading of data.
Related violations: <none>

PDRC-153#2 Warning
Gated clock check  
Net design_1_i/AXI4Stream_FT245Sync_0/U0/FT245_sync_engine_inst/skid_TX_inst/in0 is a gated clock net sourced by a combinational pin design_1_i/AXI4Stream_FT245Sync_0/U0/FT245_sync_engine_inst/skid_TX_inst/out_valid_int_reg_i_2__0/O, cell design_1_i/AXI4Stream_FT245Sync_0/U0/FT245_sync_engine_inst/skid_TX_inst/out_valid_int_reg_i_2__0. This is not good design practice and will likely impact performance. For SLICE registers, for example, use the CE pin to control the loading of data.
Related violations: <none>

PDRC-153#3 Warning
Gated clock check  
Net design_1_i/BeltBus_TTM_0/U0/fifo_inserter_inst/terminate_packet__0 is a gated clock net sourced by a combinational pin design_1_i/BeltBus_TTM_0/U0/fifo_inserter_inst/terminate_packet_reg_i_2/O, cell design_1_i/BeltBus_TTM_0/U0/fifo_inserter_inst/terminate_packet_reg_i_2. This is not good design practice and will likely impact performance. For SLICE registers, for example, use the CE pin to control the loading of data.
Related violations: <none>

PDRC-153#4 Warning
Gated clock check  
Net design_1_i/TDC_Calib/TDC/Ch1/InputLogic_1/U0/Inst_EdgeTrigger_IL/EdgeTriggerEventOut is a gated clock net sourced by a combinational pin design_1_i/TDC_Calib/TDC/Ch1/InputLogic_1/U0/Inst_EdgeTrigger_IL/EdgeTriggerEventOut_INST_0/O, cell design_1_i/TDC_Calib/TDC/Ch1/InputLogic_1/U0/Inst_EdgeTrigger_IL/EdgeTriggerEventOut_INST_0. This is not good design practice and will likely impact performance. For SLICE registers, for example, use the CE pin to control the loading of data.
Related violations: <none>

PDRC-153#5 Warning
Gated clock check  
Net design_1_i/TDC_Calib/TDC/Ch1/InputLogic_1/U0/Inst_Stretcher_IL/StretchedEventOut is a gated clock net sourced by a combinational pin design_1_i/TDC_Calib/TDC/Ch1/InputLogic_1/U0/Inst_Stretcher_IL/StretchedEventOut_INST_0/O, cell design_1_i/TDC_Calib/TDC/Ch1/InputLogic_1/U0/Inst_Stretcher_IL/StretchedEventOut_INST_0. This is not good design practice and will likely impact performance. For SLICE registers, for example, use the CE pin to control the loading of data.
Related violations: <none>

PDRC-153#6 Warning
Gated clock check  
Net design_1_i/TDC_Calib/TDC/Ch2/InputLogic_2/U0/Inst_EdgeTrigger_IL/EdgeTriggerEventOut is a gated clock net sourced by a combinational pin design_1_i/TDC_Calib/TDC/Ch2/InputLogic_2/U0/Inst_EdgeTrigger_IL/EdgeTriggerEventOut_INST_0/O, cell design_1_i/TDC_Calib/TDC/Ch2/InputLogic_2/U0/Inst_EdgeTrigger_IL/EdgeTriggerEventOut_INST_0. This is not good design practice and will likely impact performance. For SLICE registers, for example, use the CE pin to control the loading of data.
Related violations: <none>

PDRC-153#7 Warning
Gated clock check  
Net design_1_i/TDC_Calib/TDC/Ch2/InputLogic_2/U0/Inst_Stretcher_IL/StretchedEventOut is a gated clock net sourced by a combinational pin design_1_i/TDC_Calib/TDC/Ch2/InputLogic_2/U0/Inst_Stretcher_IL/StretchedEventOut_INST_0/O, cell design_1_i/TDC_Calib/TDC/Ch2/InputLogic_2/U0/Inst_Stretcher_IL/StretchedEventOut_INST_0. This is not good design practice and will likely impact performance. For SLICE registers, for example, use the CE pin to control the loading of data.
Related violations: <none>

PDRC-153#8 Warning
Gated clock check  
Net design_1_i/TDC_Calib/TDC/Sync/InputLogic_0/U0/Inst_EdgeTrigger_IL/EdgeTriggerEventOut is a gated clock net sourced by a combinational pin design_1_i/TDC_Calib/TDC/Sync/InputLogic_0/U0/Inst_EdgeTrigger_IL/EdgeTriggerEventOut_INST_0/O, cell design_1_i/TDC_Calib/TDC/Sync/InputLogic_0/U0/Inst_EdgeTrigger_IL/EdgeTriggerEventOut_INST_0. This is not good design practice and will likely impact performance. For SLICE registers, for example, use the CE pin to control the loading of data.
Related violations: <none>

PDRC-153#9 Warning
Gated clock check  
Net design_1_i/TDC_Calib/TDC/Sync/InputLogic_0/U0/Inst_Stretcher_IL/StretchedEventOut is a gated clock net sourced by a combinational pin design_1_i/TDC_Calib/TDC/Sync/InputLogic_0/U0/Inst_Stretcher_IL/StretchedEventOut_INST_0/O, cell design_1_i/TDC_Calib/TDC/Sync/InputLogic_0/U0/Inst_Stretcher_IL/StretchedEventOut_INST_0. This is not good design practice and will likely impact performance. For SLICE registers, for example, use the CE pin to control the loading of data.
Related violations: <none>

PLCK-23#1 Warning
Clock Placer Checks  
Sub-optimal placement for a clock-capable IO pin and MMCM pair. 
Resolution: A dedicated routing path between the two can be used if: (a) The clock-capable IO (CCIO) is placed on a CCIO capable site (b) The MMCM is placed in the same clock region as the CCIO pin. If the IOB is driving multiple MMCMs, all MMCMs must be placed in the same clock region, one clock region above or one clock region below the IOB. Both the above conditions must be met at the same time, else it may lead to longer and less predictable clock insertion delays.
 This is normally an ERROR but the CLOCK_DEDICATED_ROUTE constraint is set to FALSE allowing your design to continue. The use of this override is highly discouraged as it may lead to very poor timing results. It is recommended that this error condition be corrected in the design.

	design_1_i/clk_wiz_1/inst/clkin1_ibufg (IBUF.O) is locked to R13
	design_1_i/clk_wiz_1/inst/mmcm_adv_inst (MMCME2_ADV.CLKIN1) is provisionally placed by clockplacer on MMCME2_ADV_X0Y0

Related violations: <none>

PLHOLDVIO-2#1 Warning
Non-Optimal connections which could lead to hold violations  
A LUT design_1_i/TDC_Calib/TDC/Ch1/InputLogic_1/U0/Inst_EdgeTrigger_IL/EdgeTriggerEventOut_INST_0 is driving clock pin of 1 cells. This could lead to large hold time violations. Involved cells are:
design_1_i/TDC_Calib/TDC/Ch1/InputLogic_1/U0/Inst_Stretcher_IL/Inst_FDCE
Related violations: <none>

PLHOLDVIO-2#2 Warning
Non-Optimal connections which could lead to hold violations  
A LUT design_1_i/TDC_Calib/TDC/Ch1/InputLogic_1/U0/Inst_Stretcher_IL/StretchedEventOut_INST_0 is driving clock pin of 9 cells. This could lead to large hold time violations. Involved cells are:
design_1_i/TDC_Calib/TDC/Ch1/InputLogic_1/U0/Inst_Divider_IL/DividedEvent_reg,
design_1_i/TDC_Calib/TDC/Ch1/InputLogic_1/U0/Inst_Divider_IL/DividerCounter_uns_reg[0],
design_1_i/TDC_Calib/TDC/Ch1/InputLogic_1/U0/Inst_Divider_IL/DividerCounter_uns_reg[1],
design_1_i/TDC_Calib/TDC/Ch1/InputLogic_1/U0/Inst_Divider_IL/DividerCounter_uns_reg[2],
design_1_i/TDC_Calib/TDC/Ch1/InputLogic_1/U0/Inst_Divider_IL/DividerCounter_uns_reg[3],
design_1_i/TDC_Calib/TDC/Ch1/InputLogic_1/U0/Inst_Divider_IL/DividerReference_uns_reg[0],
design_1_i/TDC_Calib/TDC/Ch1/InputLogic_1/U0/Inst_Divider_IL/DividerReference_uns_reg[1],
design_1_i/TDC_Calib/TDC/Ch1/InputLogic_1/U0/Inst_Divider_IL/DividerReference_uns_reg[2]
design_1_i/TDC_Calib/TDC/Ch1/InputLogic_1/U0/Inst_Divider_IL/DividerReference_uns_reg[3]
Related violations: <none>

PLHOLDVIO-2#3 Warning
Non-Optimal connections which could lead to hold violations  
A LUT design_1_i/TDC_Calib/TDC/Ch2/InputLogic_2/U0/Inst_EdgeTrigger_IL/EdgeTriggerEventOut_INST_0 is driving clock pin of 1 cells. This could lead to large hold time violations. Involved cells are:
design_1_i/TDC_Calib/TDC/Ch2/InputLogic_2/U0/Inst_Stretcher_IL/Inst_FDCE
Related violations: <none>

PLHOLDVIO-2#4 Warning
Non-Optimal connections which could lead to hold violations  
A LUT design_1_i/TDC_Calib/TDC/Ch2/InputLogic_2/U0/Inst_Stretcher_IL/StretchedEventOut_INST_0 is driving clock pin of 9 cells. This could lead to large hold time violations. Involved cells are:
design_1_i/TDC_Calib/TDC/Ch2/InputLogic_2/U0/Inst_Divider_IL/DividedEvent_reg,
design_1_i/TDC_Calib/TDC/Ch2/InputLogic_2/U0/Inst_Divider_IL/DividerCounter_uns_reg[0],
design_1_i/TDC_Calib/TDC/Ch2/InputLogic_2/U0/Inst_Divider_IL/DividerCounter_uns_reg[1],
design_1_i/TDC_Calib/TDC/Ch2/InputLogic_2/U0/Inst_Divider_IL/DividerCounter_uns_reg[2],
design_1_i/TDC_Calib/TDC/Ch2/InputLogic_2/U0/Inst_Divider_IL/DividerCounter_uns_reg[3],
design_1_i/TDC_Calib/TDC/Ch2/InputLogic_2/U0/Inst_Divider_IL/DividerReference_uns_reg[0],
design_1_i/TDC_Calib/TDC/Ch2/InputLogic_2/U0/Inst_Divider_IL/DividerReference_uns_reg[1],
design_1_i/TDC_Calib/TDC/Ch2/InputLogic_2/U0/Inst_Divider_IL/DividerReference_uns_reg[2]
design_1_i/TDC_Calib/TDC/Ch2/InputLogic_2/U0/Inst_Divider_IL/DividerReference_uns_reg[3]
Related violations: <none>

PLHOLDVIO-2#5 Warning
Non-Optimal connections which could lead to hold violations  
A LUT design_1_i/TDC_Calib/TDC/Sync/InputLogic_0/U0/Inst_EdgeTrigger_IL/EdgeTriggerEventOut_INST_0 is driving clock pin of 1 cells. This could lead to large hold time violations. Involved cells are:
design_1_i/TDC_Calib/TDC/Sync/InputLogic_0/U0/Inst_Stretcher_IL/Inst_FDCE
Related violations: <none>

PLHOLDVIO-2#6 Warning
Non-Optimal connections which could lead to hold violations  
A LUT design_1_i/TDC_Calib/TDC/Sync/InputLogic_0/U0/Inst_Stretcher_IL/StretchedEventOut_INST_0 is driving clock pin of 9 cells. This could lead to large hold time violations. Involved cells are:
design_1_i/TDC_Calib/TDC/Sync/InputLogic_0/U0/Inst_Divider_IL/DividedEvent_reg,
design_1_i/TDC_Calib/TDC/Sync/InputLogic_0/U0/Inst_Divider_IL/DividerCounter_uns_reg[0],
design_1_i/TDC_Calib/TDC/Sync/InputLogic_0/U0/Inst_Divider_IL/DividerCounter_uns_reg[1],
design_1_i/TDC_Calib/TDC/Sync/InputLogic_0/U0/Inst_Divider_IL/DividerCounter_uns_reg[2],
design_1_i/TDC_Calib/TDC/Sync/InputLogic_0/U0/Inst_Divider_IL/DividerCounter_uns_reg[3],
design_1_i/TDC_Calib/TDC/Sync/InputLogic_0/U0/Inst_Divider_IL/DividerReference_uns_reg[0],
design_1_i/TDC_Calib/TDC/Sync/InputLogic_0/U0/Inst_Divider_IL/DividerReference_uns_reg[1],
design_1_i/TDC_Calib/TDC/Sync/InputLogic_0/U0/Inst_Divider_IL/DividerReference_uns_reg[2]
design_1_i/TDC_Calib/TDC/Sync/InputLogic_0/U0/Inst_Divider_IL/DividerReference_uns_reg[3]
Related violations: <none>

REQP-1839#1 Warning
RAMB36 async control check  
The RAMB36E1 design_1_i/BeltBus_TDCHistogrammer_0/U0/histogrammer_cu_inst/integrator_inst_A/xpm_memory_sdpram_inst/xpm_memory_base_inst/gen_wr_a.gen_word_narrow.mem_reg_0 has an input control pin design_1_i/BeltBus_TDCHistogrammer_0/U0/histogrammer_cu_inst/integrator_inst_A/xpm_memory_sdpram_inst/xpm_memory_base_inst/gen_wr_a.gen_word_narrow.mem_reg_0/ADDRARDADDR[10] (net: design_1_i/BeltBus_TDCHistogrammer_0/U0/histogrammer_cu_inst/integrator_inst_A/xpm_memory_sdpram_inst/xpm_memory_base_inst/addra[8]) which is driven by a register (design_1_i/BeltBus_TDCHistogrammer_0/U0/histogrammer_cu_inst/integrator_inst_A/addr_counter_reg[8]) that has an active asychronous set or reset. This may cause corruption of the memory contents and/or read values when the set/reset is asserted and is not analyzed by the default static timing analysis. It is suggested to eliminate the use of a set/reset to registers driving this RAMB pin or else use a synchronous reset in which the assertion of the reset is timed by default.
Related violations: <none>

REQP-1839#2 Warning
RAMB36 async control check  
The RAMB36E1 design_1_i/BeltBus_TDCHistogrammer_0/U0/histogrammer_cu_inst/integrator_inst_A/xpm_memory_sdpram_inst/xpm_memory_base_inst/gen_wr_a.gen_word_narrow.mem_reg_0 has an input control pin design_1_i/BeltBus_TDCHistogrammer_0/U0/histogrammer_cu_inst/integrator_inst_A/xpm_memory_sdpram_inst/xpm_memory_base_inst/gen_wr_a.gen_word_narrow.mem_reg_0/ADDRARDADDR[10] (net: design_1_i/BeltBus_TDCHistogrammer_0/U0/histogrammer_cu_inst/integrator_inst_A/xpm_memory_sdpram_inst/xpm_memory_base_inst/addra[8]) which is driven by a register (design_1_i/BeltBus_TDCHistogrammer_0/U0/histogrammer_cu_inst/integrator_inst_A/state_reg[0]) that has an active asychronous set or reset. This may cause corruption of the memory contents and/or read values when the set/reset is asserted and is not analyzed by the default static timing analysis. It is suggested to eliminate the use of a set/reset to registers driving this RAMB pin or else use a synchronous reset in which the assertion of the reset is timed by default.
Related violations: <none>

REQP-1839#3 Warning
RAMB36 async control check  
The RAMB36E1 design_1_i/BeltBus_TDCHistogrammer_0/U0/histogrammer_cu_inst/integrator_inst_A/xpm_memory_sdpram_inst/xpm_memory_base_inst/gen_wr_a.gen_word_narrow.mem_reg_0 has an input control pin design_1_i/BeltBus_TDCHistogrammer_0/U0/histogrammer_cu_inst/integrator_inst_A/xpm_memory_sdpram_inst/xpm_memory_base_inst/gen_wr_a.gen_word_narrow.mem_reg_0/ADDRARDADDR[10] (net: design_1_i/BeltBus_TDCHistogrammer_0/U0/histogrammer_cu_inst/integrator_inst_A/xpm_memory_sdpram_inst/xpm_memory_base_inst/addra[8]) which is driven by a register (design_1_i/BeltBus_TDCHistogrammer_0/U0/histogrammer_cu_inst/integrator_inst_A/state_reg[1]) that has an active asychronous set or reset. This may cause corruption of the memory contents and/or read values when the set/reset is asserted and is not analyzed by the default static timing analysis. It is suggested to eliminate the use of a set/reset to registers driving this RAMB pin or else use a synchronous reset in which the assertion of the reset is timed by default.
Related violations: <none>

REQP-1839#4 Warning
RAMB36 async control check  
The RAMB36E1 design_1_i/BeltBus_TDCHistogrammer_0/U0/histogrammer_cu_inst/integrator_inst_A/xpm_memory_sdpram_inst/xpm_memory_base_inst/gen_wr_a.gen_word_narrow.mem_reg_0 has an input control pin design_1_i/BeltBus_TDCHistogrammer_0/U0/histogrammer_cu_inst/integrator_inst_A/xpm_memory_sdpram_inst/xpm_memory_base_inst/gen_wr_a.gen_word_narrow.mem_reg_0/ADDRARDADDR[11] (net: design_1_i/BeltBus_TDCHistogrammer_0/U0/histogrammer_cu_inst/integrator_inst_A/xpm_memory_sdpram_inst/xpm_memory_base_inst/addra[9]) which is driven by a register (design_1_i/BeltBus_TDCHistogrammer_0/U0/histogrammer_cu_inst/integrator_inst_A/addr_counter_reg[9]) that has an active asychronous set or reset. This may cause corruption of the memory contents and/or read values when the set/reset is asserted and is not analyzed by the default static timing analysis. It is suggested to eliminate the use of a set/reset to registers driving this RAMB pin or else use a synchronous reset in which the assertion of the reset is timed by default.
Related violations: <none>

REQP-1839#5 Warning
RAMB36 async control check  
The RAMB36E1 design_1_i/BeltBus_TDCHistogrammer_0/U0/histogrammer_cu_inst/integrator_inst_A/xpm_memory_sdpram_inst/xpm_memory_base_inst/gen_wr_a.gen_word_narrow.mem_reg_0 has an input control pin design_1_i/BeltBus_TDCHistogrammer_0/U0/histogrammer_cu_inst/integrator_inst_A/xpm_memory_sdpram_inst/xpm_memory_base_inst/gen_wr_a.gen_word_narrow.mem_reg_0/ADDRARDADDR[11] (net: design_1_i/BeltBus_TDCHistogrammer_0/U0/histogrammer_cu_inst/integrator_inst_A/xpm_memory_sdpram_inst/xpm_memory_base_inst/addra[9]) which is driven by a register (design_1_i/BeltBus_TDCHistogrammer_0/U0/histogrammer_cu_inst/integrator_inst_A/state_reg[0]) that has an active asychronous set or reset. This may cause corruption of the memory contents and/or read values when the set/reset is asserted and is not analyzed by the default static timing analysis. It is suggested to eliminate the use of a set/reset to registers driving this RAMB pin or else use a synchronous reset in which the assertion of the reset is timed by default.
Related violations: <none>

REQP-1839#6 Warning
RAMB36 async control check  
The RAMB36E1 design_1_i/BeltBus_TDCHistogrammer_0/U0/histogrammer_cu_inst/integrator_inst_A/xpm_memory_sdpram_inst/xpm_memory_base_inst/gen_wr_a.gen_word_narrow.mem_reg_0 has an input control pin design_1_i/BeltBus_TDCHistogrammer_0/U0/histogrammer_cu_inst/integrator_inst_A/xpm_memory_sdpram_inst/xpm_memory_base_inst/gen_wr_a.gen_word_narrow.mem_reg_0/ADDRARDADDR[11] (net: design_1_i/BeltBus_TDCHistogrammer_0/U0/histogrammer_cu_inst/integrator_inst_A/xpm_memory_sdpram_inst/xpm_memory_base_inst/addra[9]) which is driven by a register (design_1_i/BeltBus_TDCHistogrammer_0/U0/histogrammer_cu_inst/integrator_inst_A/state_reg[1]) that has an active asychronous set or reset. This may cause corruption of the memory contents and/or read values when the set/reset is asserted and is not analyzed by the default static timing analysis. It is suggested to eliminate the use of a set/reset to registers driving this RAMB pin or else use a synchronous reset in which the assertion of the reset is timed by default.
Related violations: <none>

REQP-1839#7 Warning
RAMB36 async control check  
The RAMB36E1 design_1_i/BeltBus_TDCHistogrammer_0/U0/histogrammer_cu_inst/integrator_inst_A/xpm_memory_sdpram_inst/xpm_memory_base_inst/gen_wr_a.gen_word_narrow.mem_reg_0 has an input control pin design_1_i/BeltBus_TDCHistogrammer_0/U0/histogrammer_cu_inst/integrator_inst_A/xpm_memory_sdpram_inst/xpm_memory_base_inst/gen_wr_a.gen_word_narrow.mem_reg_0/ADDRARDADDR[12] (net: design_1_i/BeltBus_TDCHistogrammer_0/U0/histogrammer_cu_inst/integrator_inst_A/xpm_memory_sdpram_inst/xpm_memory_base_inst/addra[10]) which is driven by a register (design_1_i/BeltBus_TDCHistogrammer_0/U0/histogrammer_cu_inst/integrator_inst_A/addr_counter_reg[10]) that has an active asychronous set or reset. This may cause corruption of the memory contents and/or read values when the set/reset is asserted and is not analyzed by the default static timing analysis. It is suggested to eliminate the use of a set/reset to registers driving this RAMB pin or else use a synchronous reset in which the assertion of the reset is timed by default.
Related violations: <none>

REQP-1839#8 Warning
RAMB36 async control check  
The RAMB36E1 design_1_i/BeltBus_TDCHistogrammer_0/U0/histogrammer_cu_inst/integrator_inst_A/xpm_memory_sdpram_inst/xpm_memory_base_inst/gen_wr_a.gen_word_narrow.mem_reg_0 has an input control pin design_1_i/BeltBus_TDCHistogrammer_0/U0/histogrammer_cu_inst/integrator_inst_A/xpm_memory_sdpram_inst/xpm_memory_base_inst/gen_wr_a.gen_word_narrow.mem_reg_0/ADDRARDADDR[12] (net: design_1_i/BeltBus_TDCHistogrammer_0/U0/histogrammer_cu_inst/integrator_inst_A/xpm_memory_sdpram_inst/xpm_memory_base_inst/addra[10]) which is driven by a register (design_1_i/BeltBus_TDCHistogrammer_0/U0/histogrammer_cu_inst/integrator_inst_A/state_reg[0]) that has an active asychronous set or reset. This may cause corruption of the memory contents and/or read values when the set/reset is asserted and is not analyzed by the default static timing analysis. It is suggested to eliminate the use of a set/reset to registers driving this RAMB pin or else use a synchronous reset in which the assertion of the reset is timed by default.
Related violations: <none>

REQP-1839#9 Warning
RAMB36 async control check  
The RAMB36E1 design_1_i/BeltBus_TDCHistogrammer_0/U0/histogrammer_cu_inst/integrator_inst_A/xpm_memory_sdpram_inst/xpm_memory_base_inst/gen_wr_a.gen_word_narrow.mem_reg_0 has an input control pin design_1_i/BeltBus_TDCHistogrammer_0/U0/histogrammer_cu_inst/integrator_inst_A/xpm_memory_sdpram_inst/xpm_memory_base_inst/gen_wr_a.gen_word_narrow.mem_reg_0/ADDRARDADDR[12] (net: design_1_i/BeltBus_TDCHistogrammer_0/U0/histogrammer_cu_inst/integrator_inst_A/xpm_memory_sdpram_inst/xpm_memory_base_inst/addra[10]) which is driven by a register (design_1_i/BeltBus_TDCHistogrammer_0/U0/histogrammer_cu_inst/integrator_inst_A/state_reg[1]) that has an active asychronous set or reset. This may cause corruption of the memory contents and/or read values when the set/reset is asserted and is not analyzed by the default static timing analysis. It is suggested to eliminate the use of a set/reset to registers driving this RAMB pin or else use a synchronous reset in which the assertion of the reset is timed by default.
Related violations: <none>

REQP-1839#10 Warning
RAMB36 async control check  
The RAMB36E1 design_1_i/BeltBus_TDCHistogrammer_0/U0/histogrammer_cu_inst/integrator_inst_A/xpm_memory_sdpram_inst/xpm_memory_base_inst/gen_wr_a.gen_word_narrow.mem_reg_0 has an input control pin design_1_i/BeltBus_TDCHistogrammer_0/U0/histogrammer_cu_inst/integrator_inst_A/xpm_memory_sdpram_inst/xpm_memory_base_inst/gen_wr_a.gen_word_narrow.mem_reg_0/ADDRARDADDR[13] (net: design_1_i/BeltBus_TDCHistogrammer_0/U0/histogrammer_cu_inst/integrator_inst_A/xpm_memory_sdpram_inst/xpm_memory_base_inst/addra[11]) which is driven by a register (design_1_i/BeltBus_TDCHistogrammer_0/U0/histogrammer_cu_inst/integrator_inst_A/addr_counter_reg[11]) that has an active asychronous set or reset. This may cause corruption of the memory contents and/or read values when the set/reset is asserted and is not analyzed by the default static timing analysis. It is suggested to eliminate the use of a set/reset to registers driving this RAMB pin or else use a synchronous reset in which the assertion of the reset is timed by default.
Related violations: <none>

REQP-1839#11 Warning
RAMB36 async control check  
The RAMB36E1 design_1_i/BeltBus_TDCHistogrammer_0/U0/histogrammer_cu_inst/integrator_inst_A/xpm_memory_sdpram_inst/xpm_memory_base_inst/gen_wr_a.gen_word_narrow.mem_reg_0 has an input control pin design_1_i/BeltBus_TDCHistogrammer_0/U0/histogrammer_cu_inst/integrator_inst_A/xpm_memory_sdpram_inst/xpm_memory_base_inst/gen_wr_a.gen_word_narrow.mem_reg_0/ADDRARDADDR[13] (net: design_1_i/BeltBus_TDCHistogrammer_0/U0/histogrammer_cu_inst/integrator_inst_A/xpm_memory_sdpram_inst/xpm_memory_base_inst/addra[11]) which is driven by a register (design_1_i/BeltBus_TDCHistogrammer_0/U0/histogrammer_cu_inst/integrator_inst_A/state_reg[0]) that has an active asychronous set or reset. This may cause corruption of the memory contents and/or read values when the set/reset is asserted and is not analyzed by the default static timing analysis. It is suggested to eliminate the use of a set/reset to registers driving this RAMB pin or else use a synchronous reset in which the assertion of the reset is timed by default.
Related violations: <none>

REQP-1839#12 Warning
RAMB36 async control check  
The RAMB36E1 design_1_i/BeltBus_TDCHistogrammer_0/U0/histogrammer_cu_inst/integrator_inst_A/xpm_memory_sdpram_inst/xpm_memory_base_inst/gen_wr_a.gen_word_narrow.mem_reg_0 has an input control pin design_1_i/BeltBus_TDCHistogrammer_0/U0/histogrammer_cu_inst/integrator_inst_A/xpm_memory_sdpram_inst/xpm_memory_base_inst/gen_wr_a.gen_word_narrow.mem_reg_0/ADDRARDADDR[13] (net: design_1_i/BeltBus_TDCHistogrammer_0/U0/histogrammer_cu_inst/integrator_inst_A/xpm_memory_sdpram_inst/xpm_memory_base_inst/addra[11]) which is driven by a register (design_1_i/BeltBus_TDCHistogrammer_0/U0/histogrammer_cu_inst/integrator_inst_A/state_reg[1]) that has an active asychronous set or reset. This may cause corruption of the memory contents and/or read values when the set/reset is asserted and is not analyzed by the default static timing analysis. It is suggested to eliminate the use of a set/reset to registers driving this RAMB pin or else use a synchronous reset in which the assertion of the reset is timed by default.
Related violations: <none>

REQP-1839#13 Warning
RAMB36 async control check  
The RAMB36E1 design_1_i/BeltBus_TDCHistogrammer_0/U0/histogrammer_cu_inst/integrator_inst_A/xpm_memory_sdpram_inst/xpm_memory_base_inst/gen_wr_a.gen_word_narrow.mem_reg_0 has an input control pin design_1_i/BeltBus_TDCHistogrammer_0/U0/histogrammer_cu_inst/integrator_inst_A/xpm_memory_sdpram_inst/xpm_memory_base_inst/gen_wr_a.gen_word_narrow.mem_reg_0/ADDRARDADDR[14] (net: design_1_i/BeltBus_TDCHistogrammer_0/U0/histogrammer_cu_inst/integrator_inst_A/xpm_memory_sdpram_inst/xpm_memory_base_inst/addra[12]) which is driven by a register (design_1_i/BeltBus_TDCHistogrammer_0/U0/histogrammer_cu_inst/integrator_inst_A/addr_counter_reg[12]) that has an active asychronous set or reset. This may cause corruption of the memory contents and/or read values when the set/reset is asserted and is not analyzed by the default static timing analysis. It is suggested to eliminate the use of a set/reset to registers driving this RAMB pin or else use a synchronous reset in which the assertion of the reset is timed by default.
Related violations: <none>

REQP-1839#14 Warning
RAMB36 async control check  
The RAMB36E1 design_1_i/BeltBus_TDCHistogrammer_0/U0/histogrammer_cu_inst/integrator_inst_A/xpm_memory_sdpram_inst/xpm_memory_base_inst/gen_wr_a.gen_word_narrow.mem_reg_0 has an input control pin design_1_i/BeltBus_TDCHistogrammer_0/U0/histogrammer_cu_inst/integrator_inst_A/xpm_memory_sdpram_inst/xpm_memory_base_inst/gen_wr_a.gen_word_narrow.mem_reg_0/ADDRARDADDR[14] (net: design_1_i/BeltBus_TDCHistogrammer_0/U0/histogrammer_cu_inst/integrator_inst_A/xpm_memory_sdpram_inst/xpm_memory_base_inst/addra[12]) which is driven by a register (design_1_i/BeltBus_TDCHistogrammer_0/U0/histogrammer_cu_inst/integrator_inst_A/state_reg[0]) that has an active asychronous set or reset. This may cause corruption of the memory contents and/or read values when the set/reset is asserted and is not analyzed by the default static timing analysis. It is suggested to eliminate the use of a set/reset to registers driving this RAMB pin or else use a synchronous reset in which the assertion of the reset is timed by default.
Related violations: <none>

REQP-1839#15 Warning
RAMB36 async control check  
The RAMB36E1 design_1_i/BeltBus_TDCHistogrammer_0/U0/histogrammer_cu_inst/integrator_inst_A/xpm_memory_sdpram_inst/xpm_memory_base_inst/gen_wr_a.gen_word_narrow.mem_reg_0 has an input control pin design_1_i/BeltBus_TDCHistogrammer_0/U0/histogrammer_cu_inst/integrator_inst_A/xpm_memory_sdpram_inst/xpm_memory_base_inst/gen_wr_a.gen_word_narrow.mem_reg_0/ADDRARDADDR[14] (net: design_1_i/BeltBus_TDCHistogrammer_0/U0/histogrammer_cu_inst/integrator_inst_A/xpm_memory_sdpram_inst/xpm_memory_base_inst/addra[12]) which is driven by a register (design_1_i/BeltBus_TDCHistogrammer_0/U0/histogrammer_cu_inst/integrator_inst_A/state_reg[1]) that has an active asychronous set or reset. This may cause corruption of the memory contents and/or read values when the set/reset is asserted and is not analyzed by the default static timing analysis. It is suggested to eliminate the use of a set/reset to registers driving this RAMB pin or else use a synchronous reset in which the assertion of the reset is timed by default.
Related violations: <none>

REQP-1839#16 Warning
RAMB36 async control check  
The RAMB36E1 design_1_i/BeltBus_TDCHistogrammer_0/U0/histogrammer_cu_inst/integrator_inst_A/xpm_memory_sdpram_inst/xpm_memory_base_inst/gen_wr_a.gen_word_narrow.mem_reg_0 has an input control pin design_1_i/BeltBus_TDCHistogrammer_0/U0/histogrammer_cu_inst/integrator_inst_A/xpm_memory_sdpram_inst/xpm_memory_base_inst/gen_wr_a.gen_word_narrow.mem_reg_0/ADDRARDADDR[8] (net: design_1_i/BeltBus_TDCHistogrammer_0/U0/histogrammer_cu_inst/integrator_inst_A/xpm_memory_sdpram_inst/xpm_memory_base_inst/addra[6]) which is driven by a register (design_1_i/BeltBus_TDCHistogrammer_0/U0/histogrammer_cu_inst/integrator_inst_A/addr_counter_reg[6]) that has an active asychronous set or reset. This may cause corruption of the memory contents and/or read values when the set/reset is asserted and is not analyzed by the default static timing analysis. It is suggested to eliminate the use of a set/reset to registers driving this RAMB pin or else use a synchronous reset in which the assertion of the reset is timed by default.
Related violations: <none>

REQP-1839#17 Warning
RAMB36 async control check  
The RAMB36E1 design_1_i/BeltBus_TDCHistogrammer_0/U0/histogrammer_cu_inst/integrator_inst_A/xpm_memory_sdpram_inst/xpm_memory_base_inst/gen_wr_a.gen_word_narrow.mem_reg_0 has an input control pin design_1_i/BeltBus_TDCHistogrammer_0/U0/histogrammer_cu_inst/integrator_inst_A/xpm_memory_sdpram_inst/xpm_memory_base_inst/gen_wr_a.gen_word_narrow.mem_reg_0/ADDRARDADDR[8] (net: design_1_i/BeltBus_TDCHistogrammer_0/U0/histogrammer_cu_inst/integrator_inst_A/xpm_memory_sdpram_inst/xpm_memory_base_inst/addra[6]) which is driven by a register (design_1_i/BeltBus_TDCHistogrammer_0/U0/histogrammer_cu_inst/integrator_inst_A/state_reg[0]) that has an active asychronous set or reset. This may cause corruption of the memory contents and/or read values when the set/reset is asserted and is not analyzed by the default static timing analysis. It is suggested to eliminate the use of a set/reset to registers driving this RAMB pin or else use a synchronous reset in which the assertion of the reset is timed by default.
Related violations: <none>

REQP-1839#18 Warning
RAMB36 async control check  
The RAMB36E1 design_1_i/BeltBus_TDCHistogrammer_0/U0/histogrammer_cu_inst/integrator_inst_A/xpm_memory_sdpram_inst/xpm_memory_base_inst/gen_wr_a.gen_word_narrow.mem_reg_0 has an input control pin design_1_i/BeltBus_TDCHistogrammer_0/U0/histogrammer_cu_inst/integrator_inst_A/xpm_memory_sdpram_inst/xpm_memory_base_inst/gen_wr_a.gen_word_narrow.mem_reg_0/ADDRARDADDR[9] (net: design_1_i/BeltBus_TDCHistogrammer_0/U0/histogrammer_cu_inst/integrator_inst_A/xpm_memory_sdpram_inst/xpm_memory_base_inst/addra[7]) which is driven by a register (design_1_i/BeltBus_TDCHistogrammer_0/U0/histogrammer_cu_inst/integrator_inst_A/addr_counter_reg[7]) that has an active asychronous set or reset. This may cause corruption of the memory contents and/or read values when the set/reset is asserted and is not analyzed by the default static timing analysis. It is suggested to eliminate the use of a set/reset to registers driving this RAMB pin or else use a synchronous reset in which the assertion of the reset is timed by default.
Related violations: <none>

REQP-1839#19 Warning
RAMB36 async control check  
The RAMB36E1 design_1_i/BeltBus_TDCHistogrammer_0/U0/histogrammer_cu_inst/integrator_inst_A/xpm_memory_sdpram_inst/xpm_memory_base_inst/gen_wr_a.gen_word_narrow.mem_reg_0 has an input control pin design_1_i/BeltBus_TDCHistogrammer_0/U0/histogrammer_cu_inst/integrator_inst_A/xpm_memory_sdpram_inst/xpm_memory_base_inst/gen_wr_a.gen_word_narrow.mem_reg_0/ADDRARDADDR[9] (net: design_1_i/BeltBus_TDCHistogrammer_0/U0/histogrammer_cu_inst/integrator_inst_A/xpm_memory_sdpram_inst/xpm_memory_base_inst/addra[7]) which is driven by a register (design_1_i/BeltBus_TDCHistogrammer_0/U0/histogrammer_cu_inst/integrator_inst_A/state_reg[0]) that has an active asychronous set or reset. This may cause corruption of the memory contents and/or read values when the set/reset is asserted and is not analyzed by the default static timing analysis. It is suggested to eliminate the use of a set/reset to registers driving this RAMB pin or else use a synchronous reset in which the assertion of the reset is timed by default.
Related violations: <none>

REQP-1839#20 Warning
RAMB36 async control check  
The RAMB36E1 design_1_i/BeltBus_TDCHistogrammer_0/U0/histogrammer_cu_inst/integrator_inst_A/xpm_memory_sdpram_inst/xpm_memory_base_inst/gen_wr_a.gen_word_narrow.mem_reg_0 has an input control pin design_1_i/BeltBus_TDCHistogrammer_0/U0/histogrammer_cu_inst/integrator_inst_A/xpm_memory_sdpram_inst/xpm_memory_base_inst/gen_wr_a.gen_word_narrow.mem_reg_0/ADDRARDADDR[9] (net: design_1_i/BeltBus_TDCHistogrammer_0/U0/histogrammer_cu_inst/integrator_inst_A/xpm_memory_sdpram_inst/xpm_memory_base_inst/addra[7]) which is driven by a register (design_1_i/BeltBus_TDCHistogrammer_0/U0/histogrammer_cu_inst/integrator_inst_A/state_reg[1]) that has an active asychronous set or reset. This may cause corruption of the memory contents and/or read values when the set/reset is asserted and is not analyzed by the default static timing analysis. It is suggested to eliminate the use of a set/reset to registers driving this RAMB pin or else use a synchronous reset in which the assertion of the reset is timed by default.
Related violations: <none>

REQP-1840#1 Warning
RAMB18 async control check  
The RAMB18E1 design_1_i/MME_0/U0/AXI4Stream_DataMover_MM2S_0/U0/FIFO_CMD_inst/xpm_fifo_base_inst/gen_sdpram.xpm_memory_base_inst/gen_wr_a.gen_word_narrow.mem_reg_1 has an input control pin design_1_i/MME_0/U0/AXI4Stream_DataMover_MM2S_0/U0/FIFO_CMD_inst/xpm_fifo_base_inst/gen_sdpram.xpm_memory_base_inst/gen_wr_a.gen_word_narrow.mem_reg_1/ENARDEN (net: design_1_i/MME_0/U0/AXI4Stream_DataMover_MM2S_0/U0/FIFO_CMD_inst/xpm_fifo_base_inst/gen_sdpram.xpm_memory_base_inst/enb) which is driven by a register (design_1_i/MME_0/U0/AXI4Stream_DataMover_MM2S_0/U0/ReceiverData_MM2S_inst/FIFO_CMD_rd_en_reg) that has an active asychronous set or reset. This may cause corruption of the memory contents and/or read values when the set/reset is asserted and is not analyzed by the default static timing analysis. It is suggested to eliminate the use of a set/reset to registers driving this RAMB pin or else use a synchronous reset in which the assertion of the reset is timed by default.
Related violations: <none>

REQP-1840#2 Warning
RAMB18 async control check  
The RAMB18E1 design_1_i/MME_0/U0/AXI4Stream_DataMover_MM2S_0/U0/FIFO_CMD_inst/xpm_fifo_base_inst/gen_sdpram.xpm_memory_base_inst/gen_wr_a.gen_word_narrow.mem_reg_1 has an input control pin design_1_i/MME_0/U0/AXI4Stream_DataMover_MM2S_0/U0/FIFO_CMD_inst/xpm_fifo_base_inst/gen_sdpram.xpm_memory_base_inst/gen_wr_a.gen_word_narrow.mem_reg_1/ENBWREN (net: design_1_i/MME_0/U0/AXI4Stream_DataMover_MM2S_0/U0/FIFO_CMD_inst/xpm_fifo_base_inst/gen_sdpram.xpm_memory_base_inst/wea[0]) which is driven by a register (design_1_i/MME_0/U0/AXI4Stream_DataMover_MM2S_0/U0/SenderCommand_MM2S_inst/FIFO_CMD_wr_en_reg) that has an active asychronous set or reset. This may cause corruption of the memory contents and/or read values when the set/reset is asserted and is not analyzed by the default static timing analysis. It is suggested to eliminate the use of a set/reset to registers driving this RAMB pin or else use a synchronous reset in which the assertion of the reset is timed by default.
Related violations: <none>

REQP-1840#3 Warning
RAMB18 async control check  
The RAMB18E1 design_1_i/MME_0/U0/AXI4Stream_DataMover_MM2S_0/U0/FIFO_CMD_inst/xpm_fifo_base_inst/gen_sdpram.xpm_memory_base_inst/gen_wr_a.gen_word_narrow.mem_reg_1 has an input control pin design_1_i/MME_0/U0/AXI4Stream_DataMover_MM2S_0/U0/FIFO_CMD_inst/xpm_fifo_base_inst/gen_sdpram.xpm_memory_base_inst/gen_wr_a.gen_word_narrow.mem_reg_1/WEBWE[0] (net: design_1_i/MME_0/U0/AXI4Stream_DataMover_MM2S_0/U0/FIFO_CMD_inst/xpm_fifo_base_inst/gen_sdpram.xpm_memory_base_inst/wea[0]) which is driven by a register (design_1_i/MME_0/U0/AXI4Stream_DataMover_MM2S_0/U0/SenderCommand_MM2S_inst/FIFO_CMD_wr_en_reg) that has an active asychronous set or reset. This may cause corruption of the memory contents and/or read values when the set/reset is asserted and is not analyzed by the default static timing analysis. It is suggested to eliminate the use of a set/reset to registers driving this RAMB pin or else use a synchronous reset in which the assertion of the reset is timed by default.
Related violations: <none>

REQP-1840#4 Warning
RAMB18 async control check  
The RAMB18E1 design_1_i/MME_0/U0/AXI4Stream_DataMover_MM2S_0/U0/FIFO_CMD_inst/xpm_fifo_base_inst/gen_sdpram.xpm_memory_base_inst/gen_wr_a.gen_word_narrow.mem_reg_1 has an input control pin design_1_i/MME_0/U0/AXI4Stream_DataMover_MM2S_0/U0/FIFO_CMD_inst/xpm_fifo_base_inst/gen_sdpram.xpm_memory_base_inst/gen_wr_a.gen_word_narrow.mem_reg_1/WEBWE[1] (net: design_1_i/MME_0/U0/AXI4Stream_DataMover_MM2S_0/U0/FIFO_CMD_inst/xpm_fifo_base_inst/gen_sdpram.xpm_memory_base_inst/wea[0]) which is driven by a register (design_1_i/MME_0/U0/AXI4Stream_DataMover_MM2S_0/U0/SenderCommand_MM2S_inst/FIFO_CMD_wr_en_reg) that has an active asychronous set or reset. This may cause corruption of the memory contents and/or read values when the set/reset is asserted and is not analyzed by the default static timing analysis. It is suggested to eliminate the use of a set/reset to registers driving this RAMB pin or else use a synchronous reset in which the assertion of the reset is timed by default.
Related violations: <none>

REQP-1840#5 Warning
RAMB18 async control check  
The RAMB18E1 design_1_i/MME_0/U0/AXI4Stream_DataMover_MM2S_0/U0/FIFO_CMD_inst/xpm_fifo_base_inst/gen_sdpram.xpm_memory_base_inst/gen_wr_a.gen_word_narrow.mem_reg_1 has an input control pin design_1_i/MME_0/U0/AXI4Stream_DataMover_MM2S_0/U0/FIFO_CMD_inst/xpm_fifo_base_inst/gen_sdpram.xpm_memory_base_inst/gen_wr_a.gen_word_narrow.mem_reg_1/WEBWE[2] (net: design_1_i/MME_0/U0/AXI4Stream_DataMover_MM2S_0/U0/FIFO_CMD_inst/xpm_fifo_base_inst/gen_sdpram.xpm_memory_base_inst/wea[0]) which is driven by a register (design_1_i/MME_0/U0/AXI4Stream_DataMover_MM2S_0/U0/SenderCommand_MM2S_inst/FIFO_CMD_wr_en_reg) that has an active asychronous set or reset. This may cause corruption of the memory contents and/or read values when the set/reset is asserted and is not analyzed by the default static timing analysis. It is suggested to eliminate the use of a set/reset to registers driving this RAMB pin or else use a synchronous reset in which the assertion of the reset is timed by default.
Related violations: <none>

REQP-1840#6 Warning
RAMB18 async control check  
The RAMB18E1 design_1_i/MME_0/U0/AXI4Stream_DataMover_MM2S_0/U0/FIFO_CMD_inst/xpm_fifo_base_inst/gen_sdpram.xpm_memory_base_inst/gen_wr_a.gen_word_narrow.mem_reg_1 has an input control pin design_1_i/MME_0/U0/AXI4Stream_DataMover_MM2S_0/U0/FIFO_CMD_inst/xpm_fifo_base_inst/gen_sdpram.xpm_memory_base_inst/gen_wr_a.gen_word_narrow.mem_reg_1/WEBWE[3] (net: design_1_i/MME_0/U0/AXI4Stream_DataMover_MM2S_0/U0/FIFO_CMD_inst/xpm_fifo_base_inst/gen_sdpram.xpm_memory_base_inst/wea[0]) which is driven by a register (design_1_i/MME_0/U0/AXI4Stream_DataMover_MM2S_0/U0/SenderCommand_MM2S_inst/FIFO_CMD_wr_en_reg) that has an active asychronous set or reset. This may cause corruption of the memory contents and/or read values when the set/reset is asserted and is not analyzed by the default static timing analysis. It is suggested to eliminate the use of a set/reset to registers driving this RAMB pin or else use a synchronous reset in which the assertion of the reset is timed by default.
Related violations: <none>

REQP-1840#7 Warning
RAMB18 async control check  
The RAMB18E1 design_1_i/MME_0/U0/AXI4Stream_Datamover_S2MM_0/U0/FIFO_CMD_inst/xpm_fifo_base_inst/gen_sdpram.xpm_memory_base_inst/gen_wr_a.gen_word_narrow.mem_reg_1 has an input control pin design_1_i/MME_0/U0/AXI4Stream_Datamover_S2MM_0/U0/FIFO_CMD_inst/xpm_fifo_base_inst/gen_sdpram.xpm_memory_base_inst/gen_wr_a.gen_word_narrow.mem_reg_1/ENARDEN (net: design_1_i/MME_0/U0/AXI4Stream_Datamover_S2MM_0/U0/FIFO_CMD_inst/xpm_fifo_base_inst/gen_sdpram.xpm_memory_base_inst/enb) which is driven by a register (design_1_i/MME_0/U0/AXI4Stream_Datamover_S2MM_0/U0/ReceiverData_S2MM_inst/FIFO_CMD_rd_en_reg) that has an active asychronous set or reset. This may cause corruption of the memory contents and/or read values when the set/reset is asserted and is not analyzed by the default static timing analysis. It is suggested to eliminate the use of a set/reset to registers driving this RAMB pin or else use a synchronous reset in which the assertion of the reset is timed by default.
Related violations: <none>

REQP-1840#8 Warning
RAMB18 async control check  
The RAMB18E1 design_1_i/MME_0/U0/AXI4Stream_Datamover_S2MM_0/U0/FIFO_CMD_inst/xpm_fifo_base_inst/gen_sdpram.xpm_memory_base_inst/gen_wr_a.gen_word_narrow.mem_reg_1 has an input control pin design_1_i/MME_0/U0/AXI4Stream_Datamover_S2MM_0/U0/FIFO_CMD_inst/xpm_fifo_base_inst/gen_sdpram.xpm_memory_base_inst/gen_wr_a.gen_word_narrow.mem_reg_1/ENBWREN (net: design_1_i/MME_0/U0/AXI4Stream_Datamover_S2MM_0/U0/FIFO_CMD_inst/xpm_fifo_base_inst/gen_sdpram.xpm_memory_base_inst/wea[0]) which is driven by a register (design_1_i/MME_0/U0/AXI4Stream_Datamover_S2MM_0/U0/SenderCommand_S2MM_inst/FIFO_CMD_wr_en_reg) that has an active asychronous set or reset. This may cause corruption of the memory contents and/or read values when the set/reset is asserted and is not analyzed by the default static timing analysis. It is suggested to eliminate the use of a set/reset to registers driving this RAMB pin or else use a synchronous reset in which the assertion of the reset is timed by default.
Related violations: <none>

REQP-1840#9 Warning
RAMB18 async control check  
The RAMB18E1 design_1_i/MME_0/U0/AXI4Stream_Datamover_S2MM_0/U0/FIFO_CMD_inst/xpm_fifo_base_inst/gen_sdpram.xpm_memory_base_inst/gen_wr_a.gen_word_narrow.mem_reg_1 has an input control pin design_1_i/MME_0/U0/AXI4Stream_Datamover_S2MM_0/U0/FIFO_CMD_inst/xpm_fifo_base_inst/gen_sdpram.xpm_memory_base_inst/gen_wr_a.gen_word_narrow.mem_reg_1/WEBWE[0] (net: design_1_i/MME_0/U0/AXI4Stream_Datamover_S2MM_0/U0/FIFO_CMD_inst/xpm_fifo_base_inst/gen_sdpram.xpm_memory_base_inst/wea[0]) which is driven by a register (design_1_i/MME_0/U0/AXI4Stream_Datamover_S2MM_0/U0/SenderCommand_S2MM_inst/FIFO_CMD_wr_en_reg) that has an active asychronous set or reset. This may cause corruption of the memory contents and/or read values when the set/reset is asserted and is not analyzed by the default static timing analysis. It is suggested to eliminate the use of a set/reset to registers driving this RAMB pin or else use a synchronous reset in which the assertion of the reset is timed by default.
Related violations: <none>

REQP-1840#10 Warning
RAMB18 async control check  
The RAMB18E1 design_1_i/MME_0/U0/AXI4Stream_Datamover_S2MM_0/U0/FIFO_CMD_inst/xpm_fifo_base_inst/gen_sdpram.xpm_memory_base_inst/gen_wr_a.gen_word_narrow.mem_reg_1 has an input control pin design_1_i/MME_0/U0/AXI4Stream_Datamover_S2MM_0/U0/FIFO_CMD_inst/xpm_fifo_base_inst/gen_sdpram.xpm_memory_base_inst/gen_wr_a.gen_word_narrow.mem_reg_1/WEBWE[1] (net: design_1_i/MME_0/U0/AXI4Stream_Datamover_S2MM_0/U0/FIFO_CMD_inst/xpm_fifo_base_inst/gen_sdpram.xpm_memory_base_inst/wea[0]) which is driven by a register (design_1_i/MME_0/U0/AXI4Stream_Datamover_S2MM_0/U0/SenderCommand_S2MM_inst/FIFO_CMD_wr_en_reg) that has an active asychronous set or reset. This may cause corruption of the memory contents and/or read values when the set/reset is asserted and is not analyzed by the default static timing analysis. It is suggested to eliminate the use of a set/reset to registers driving this RAMB pin or else use a synchronous reset in which the assertion of the reset is timed by default.
Related violations: <none>

REQP-1840#11 Warning
RAMB18 async control check  
The RAMB18E1 design_1_i/MME_0/U0/AXI4Stream_Datamover_S2MM_0/U0/FIFO_CMD_inst/xpm_fifo_base_inst/gen_sdpram.xpm_memory_base_inst/gen_wr_a.gen_word_narrow.mem_reg_1 has an input control pin design_1_i/MME_0/U0/AXI4Stream_Datamover_S2MM_0/U0/FIFO_CMD_inst/xpm_fifo_base_inst/gen_sdpram.xpm_memory_base_inst/gen_wr_a.gen_word_narrow.mem_reg_1/WEBWE[2] (net: design_1_i/MME_0/U0/AXI4Stream_Datamover_S2MM_0/U0/FIFO_CMD_inst/xpm_fifo_base_inst/gen_sdpram.xpm_memory_base_inst/wea[0]) which is driven by a register (design_1_i/MME_0/U0/AXI4Stream_Datamover_S2MM_0/U0/SenderCommand_S2MM_inst/FIFO_CMD_wr_en_reg) that has an active asychronous set or reset. This may cause corruption of the memory contents and/or read values when the set/reset is asserted and is not analyzed by the default static timing analysis. It is suggested to eliminate the use of a set/reset to registers driving this RAMB pin or else use a synchronous reset in which the assertion of the reset is timed by default.
Related violations: <none>

REQP-1840#12 Warning
RAMB18 async control check  
The RAMB18E1 design_1_i/MME_0/U0/AXI4Stream_Datamover_S2MM_0/U0/FIFO_CMD_inst/xpm_fifo_base_inst/gen_sdpram.xpm_memory_base_inst/gen_wr_a.gen_word_narrow.mem_reg_1 has an input control pin design_1_i/MME_0/U0/AXI4Stream_Datamover_S2MM_0/U0/FIFO_CMD_inst/xpm_fifo_base_inst/gen_sdpram.xpm_memory_base_inst/gen_wr_a.gen_word_narrow.mem_reg_1/WEBWE[3] (net: design_1_i/MME_0/U0/AXI4Stream_Datamover_S2MM_0/U0/FIFO_CMD_inst/xpm_fifo_base_inst/gen_sdpram.xpm_memory_base_inst/wea[0]) which is driven by a register (design_1_i/MME_0/U0/AXI4Stream_Datamover_S2MM_0/U0/SenderCommand_S2MM_inst/FIFO_CMD_wr_en_reg) that has an active asychronous set or reset. This may cause corruption of the memory contents and/or read values when the set/reset is asserted and is not analyzed by the default static timing analysis. It is suggested to eliminate the use of a set/reset to registers driving this RAMB pin or else use a synchronous reset in which the assertion of the reset is timed by default.
Related violations: <none>

REQP-1840#13 Warning
RAMB18 async control check  
The RAMB18E1 design_1_i/MME_0/U0/AXI4Stream_Packetizer_0/U0/multicobs_encoder_inst/COBS_ENCODERS[0].COBS_ENCODER_I_OUTPUT_FIFO/xpm_fifo_base_inst/gen_sdpram.xpm_memory_base_inst/gen_wr_a.gen_word_narrow.mem_reg has an input control pin design_1_i/MME_0/U0/AXI4Stream_Packetizer_0/U0/multicobs_encoder_inst/COBS_ENCODERS[0].COBS_ENCODER_I_OUTPUT_FIFO/xpm_fifo_base_inst/gen_sdpram.xpm_memory_base_inst/gen_wr_a.gen_word_narrow.mem_reg/ENARDEN (net: design_1_i/MME_0/U0/AXI4Stream_Packetizer_0/U0/multicobs_encoder_inst/COBS_ENCODERS[0].COBS_ENCODER_I_OUTPUT_FIFO/xpm_fifo_base_inst/gen_sdpram.xpm_memory_base_inst/wea[0]) which is driven by a register (design_1_i/MME_0/U0/AXI4Stream_Packetizer_0/U0/multicobs_encoder_inst/COBS_ENCODERS[0].COBS_ENCODER_I/stream_history_fifo/full_int_reg) that has an active asychronous set or reset. This may cause corruption of the memory contents and/or read values when the set/reset is asserted and is not analyzed by the default static timing analysis. It is suggested to eliminate the use of a set/reset to registers driving this RAMB pin or else use a synchronous reset in which the assertion of the reset is timed by default.
Related violations: <none>

REQP-1840#14 Warning
RAMB18 async control check  
The RAMB18E1 design_1_i/MME_0/U0/AXI4Stream_Packetizer_0/U0/multicobs_encoder_inst/COBS_ENCODERS[0].COBS_ENCODER_I_OUTPUT_FIFO/xpm_fifo_base_inst/gen_sdpram.xpm_memory_base_inst/gen_wr_a.gen_word_narrow.mem_reg has an input control pin design_1_i/MME_0/U0/AXI4Stream_Packetizer_0/U0/multicobs_encoder_inst/COBS_ENCODERS[0].COBS_ENCODER_I_OUTPUT_FIFO/xpm_fifo_base_inst/gen_sdpram.xpm_memory_base_inst/gen_wr_a.gen_word_narrow.mem_reg/ENARDEN (net: design_1_i/MME_0/U0/AXI4Stream_Packetizer_0/U0/multicobs_encoder_inst/COBS_ENCODERS[0].COBS_ENCODER_I_OUTPUT_FIFO/xpm_fifo_base_inst/gen_sdpram.xpm_memory_base_inst/wea[0]) which is driven by a register (design_1_i/MME_0/U0/AXI4Stream_Packetizer_0/U0/multicobs_encoder_inst/COBS_ENCODERS[0].COBS_ENCODER_I/stream_history_fifo/read_index_reg[0]) that has an active asychronous set or reset. This may cause corruption of the memory contents and/or read values when the set/reset is asserted and is not analyzed by the default static timing analysis. It is suggested to eliminate the use of a set/reset to registers driving this RAMB pin or else use a synchronous reset in which the assertion of the reset is timed by default.
Related violations: <none>

REQP-1840#15 Warning
RAMB18 async control check  
The RAMB18E1 design_1_i/MME_0/U0/AXI4Stream_Packetizer_0/U0/multicobs_encoder_inst/COBS_ENCODERS[0].COBS_ENCODER_I_OUTPUT_FIFO/xpm_fifo_base_inst/gen_sdpram.xpm_memory_base_inst/gen_wr_a.gen_word_narrow.mem_reg has an input control pin design_1_i/MME_0/U0/AXI4Stream_Packetizer_0/U0/multicobs_encoder_inst/COBS_ENCODERS[0].COBS_ENCODER_I_OUTPUT_FIFO/xpm_fifo_base_inst/gen_sdpram.xpm_memory_base_inst/gen_wr_a.gen_word_narrow.mem_reg/ENARDEN (net: design_1_i/MME_0/U0/AXI4Stream_Packetizer_0/U0/multicobs_encoder_inst/COBS_ENCODERS[0].COBS_ENCODER_I_OUTPUT_FIFO/xpm_fifo_base_inst/gen_sdpram.xpm_memory_base_inst/wea[0]) which is driven by a register (design_1_i/MME_0/U0/AXI4Stream_Packetizer_0/U0/multicobs_encoder_inst/COBS_ENCODERS[0].COBS_ENCODER_I/stream_history_fifo/read_index_reg[1]) that has an active asychronous set or reset. This may cause corruption of the memory contents and/or read values when the set/reset is asserted and is not analyzed by the default static timing analysis. It is suggested to eliminate the use of a set/reset to registers driving this RAMB pin or else use a synchronous reset in which the assertion of the reset is timed by default.
Related violations: <none>

REQP-1840#16 Warning
RAMB18 async control check  
The RAMB18E1 design_1_i/MME_0/U0/AXI4Stream_Packetizer_0/U0/multicobs_encoder_inst/COBS_ENCODERS[0].COBS_ENCODER_I_OUTPUT_FIFO/xpm_fifo_base_inst/gen_sdpram.xpm_memory_base_inst/gen_wr_a.gen_word_narrow.mem_reg has an input control pin design_1_i/MME_0/U0/AXI4Stream_Packetizer_0/U0/multicobs_encoder_inst/COBS_ENCODERS[0].COBS_ENCODER_I_OUTPUT_FIFO/xpm_fifo_base_inst/gen_sdpram.xpm_memory_base_inst/gen_wr_a.gen_word_narrow.mem_reg/ENARDEN (net: design_1_i/MME_0/U0/AXI4Stream_Packetizer_0/U0/multicobs_encoder_inst/COBS_ENCODERS[0].COBS_ENCODER_I_OUTPUT_FIFO/xpm_fifo_base_inst/gen_sdpram.xpm_memory_base_inst/wea[0]) which is driven by a register (design_1_i/MME_0/U0/AXI4Stream_Packetizer_0/U0/multicobs_encoder_inst/COBS_ENCODERS[0].COBS_ENCODER_I/stream_history_fifo/read_index_reg[2]) that has an active asychronous set or reset. This may cause corruption of the memory contents and/or read values when the set/reset is asserted and is not analyzed by the default static timing analysis. It is suggested to eliminate the use of a set/reset to registers driving this RAMB pin or else use a synchronous reset in which the assertion of the reset is timed by default.
Related violations: <none>

REQP-1840#17 Warning
RAMB18 async control check  
The RAMB18E1 design_1_i/MME_0/U0/AXI4Stream_Packetizer_0/U0/multicobs_encoder_inst/COBS_ENCODERS[0].COBS_ENCODER_I_OUTPUT_FIFO/xpm_fifo_base_inst/gen_sdpram.xpm_memory_base_inst/gen_wr_a.gen_word_narrow.mem_reg has an input control pin design_1_i/MME_0/U0/AXI4Stream_Packetizer_0/U0/multicobs_encoder_inst/COBS_ENCODERS[0].COBS_ENCODER_I_OUTPUT_FIFO/xpm_fifo_base_inst/gen_sdpram.xpm_memory_base_inst/gen_wr_a.gen_word_narrow.mem_reg/ENARDEN (net: design_1_i/MME_0/U0/AXI4Stream_Packetizer_0/U0/multicobs_encoder_inst/COBS_ENCODERS[0].COBS_ENCODER_I_OUTPUT_FIFO/xpm_fifo_base_inst/gen_sdpram.xpm_memory_base_inst/wea[0]) which is driven by a register (design_1_i/MME_0/U0/AXI4Stream_Packetizer_0/U0/multicobs_encoder_inst/COBS_ENCODERS[0].COBS_ENCODER_I/stream_history_fifo/read_index_reg[3]) that has an active asychronous set or reset. This may cause corruption of the memory contents and/or read values when the set/reset is asserted and is not analyzed by the default static timing analysis. It is suggested to eliminate the use of a set/reset to registers driving this RAMB pin or else use a synchronous reset in which the assertion of the reset is timed by default.
Related violations: <none>

REQP-1840#18 Warning
RAMB18 async control check  
The RAMB18E1 design_1_i/MME_0/U0/AXI4Stream_Packetizer_0/U0/multicobs_encoder_inst/COBS_ENCODERS[0].COBS_ENCODER_I_OUTPUT_FIFO/xpm_fifo_base_inst/gen_sdpram.xpm_memory_base_inst/gen_wr_a.gen_word_narrow.mem_reg has an input control pin design_1_i/MME_0/U0/AXI4Stream_Packetizer_0/U0/multicobs_encoder_inst/COBS_ENCODERS[0].COBS_ENCODER_I_OUTPUT_FIFO/xpm_fifo_base_inst/gen_sdpram.xpm_memory_base_inst/gen_wr_a.gen_word_narrow.mem_reg/ENARDEN (net: design_1_i/MME_0/U0/AXI4Stream_Packetizer_0/U0/multicobs_encoder_inst/COBS_ENCODERS[0].COBS_ENCODER_I_OUTPUT_FIFO/xpm_fifo_base_inst/gen_sdpram.xpm_memory_base_inst/wea[0]) which is driven by a register (design_1_i/MME_0/U0/AXI4Stream_Packetizer_0/U0/multicobs_encoder_inst/COBS_ENCODERS[0].COBS_ENCODER_I/stream_history_fifo/read_index_reg[4]) that has an active asychronous set or reset. This may cause corruption of the memory contents and/or read values when the set/reset is asserted and is not analyzed by the default static timing analysis. It is suggested to eliminate the use of a set/reset to registers driving this RAMB pin or else use a synchronous reset in which the assertion of the reset is timed by default.
Related violations: <none>

REQP-1840#19 Warning
RAMB18 async control check  
The RAMB18E1 design_1_i/MME_0/U0/AXI4Stream_Packetizer_0/U0/multicobs_encoder_inst/COBS_ENCODERS[0].COBS_ENCODER_I_OUTPUT_FIFO/xpm_fifo_base_inst/gen_sdpram.xpm_memory_base_inst/gen_wr_a.gen_word_narrow.mem_reg has an input control pin design_1_i/MME_0/U0/AXI4Stream_Packetizer_0/U0/multicobs_encoder_inst/COBS_ENCODERS[0].COBS_ENCODER_I_OUTPUT_FIFO/xpm_fifo_base_inst/gen_sdpram.xpm_memory_base_inst/gen_wr_a.gen_word_narrow.mem_reg/ENARDEN (net: design_1_i/MME_0/U0/AXI4Stream_Packetizer_0/U0/multicobs_encoder_inst/COBS_ENCODERS[0].COBS_ENCODER_I_OUTPUT_FIFO/xpm_fifo_base_inst/gen_sdpram.xpm_memory_base_inst/wea[0]) which is driven by a register (design_1_i/MME_0/U0/AXI4Stream_Packetizer_0/U0/multicobs_encoder_inst/COBS_ENCODERS[0].COBS_ENCODER_I/stream_history_fifo/read_index_reg[5]) that has an active asychronous set or reset. This may cause corruption of the memory contents and/or read values when the set/reset is asserted and is not analyzed by the default static timing analysis. It is suggested to eliminate the use of a set/reset to registers driving this RAMB pin or else use a synchronous reset in which the assertion of the reset is timed by default.
Related violations: <none>

REQP-1840#20 Warning
RAMB18 async control check  
The RAMB18E1 design_1_i/MME_0/U0/AXI4Stream_Packetizer_0/U0/multicobs_encoder_inst/COBS_ENCODERS[0].COBS_ENCODER_I_OUTPUT_FIFO/xpm_fifo_base_inst/gen_sdpram.xpm_memory_base_inst/gen_wr_a.gen_word_narrow.mem_reg has an input control pin design_1_i/MME_0/U0/AXI4Stream_Packetizer_0/U0/multicobs_encoder_inst/COBS_ENCODERS[0].COBS_ENCODER_I_OUTPUT_FIFO/xpm_fifo_base_inst/gen_sdpram.xpm_memory_base_inst/gen_wr_a.gen_word_narrow.mem_reg/ENARDEN (net: design_1_i/MME_0/U0/AXI4Stream_Packetizer_0/U0/multicobs_encoder_inst/COBS_ENCODERS[0].COBS_ENCODER_I_OUTPUT_FIFO/xpm_fifo_base_inst/gen_sdpram.xpm_memory_base_inst/wea[0]) which is driven by a register (design_1_i/MME_0/U0/AXI4Stream_Packetizer_0/U0/multicobs_encoder_inst/COBS_ENCODERS[0].COBS_ENCODER_I/stream_history_fifo/read_index_reg[6]) that has an active asychronous set or reset. This may cause corruption of the memory contents and/or read values when the set/reset is asserted and is not analyzed by the default static timing analysis. It is suggested to eliminate the use of a set/reset to registers driving this RAMB pin or else use a synchronous reset in which the assertion of the reset is timed by default.
Related violations: <none>

RTSTAT-10#1 Warning
No routable loads  
25 net(s) have no routable loads. The problem bus(es) and/or net(s) are dbg_hub/inst/BSCANID.u_xsdbm_id/CORE_XSDB.UUT_MASTER/U_ICON_INTERFACE/U_CMD1/ctl_reg_en_2[1],
dbg_hub/inst/BSCANID.u_xsdbm_id/CORE_XSDB.UUT_MASTER/U_ICON_INTERFACE/U_CMD6_RD/U_RD_FIFO/SUBCORE_FIFO.xsdbm_v3_0_0_rdfifo_inst/inst_fifo_gen/gconvfifo.rf/grf.rf/gntv_or_sync_fifo.gl0.rd/gr1.gr1_int.rfwft/aempty_fwft_i,
dbg_hub/inst/BSCANID.u_xsdbm_id/CORE_XSDB.UUT_MASTER/U_ICON_INTERFACE/U_CMD6_RD/U_RD_FIFO/SUBCORE_FIFO.xsdbm_v3_0_0_rdfifo_inst/inst_fifo_gen/gconvfifo.rf/grf.rf/gntv_or_sync_fifo.gl0.rd/gras.rsts/ram_empty_i,
dbg_hub/inst/BSCANID.u_xsdbm_id/CORE_XSDB.UUT_MASTER/U_ICON_INTERFACE/U_CMD6_RD/U_RD_FIFO/SUBCORE_FIFO.xsdbm_v3_0_0_rdfifo_inst/inst_fifo_gen/gconvfifo.rf/grf.rf/gntv_or_sync_fifo.gl0.wr/gwhf.whf/overflow,
dbg_hub/inst/BSCANID.u_xsdbm_id/CORE_XSDB.UUT_MASTER/U_ICON_INTERFACE/U_CMD6_WR/U_WR_FIFO/SUBCORE_FIFO.xsdbm_v3_0_0_wrfifo_inst/inst_fifo_gen/gconvfifo.rf/grf.rf/gntv_or_sync_fifo.gl0.wr/gwas.wsts/ram_full_i,
dbg_hub/inst/BSCANID.u_xsdbm_id/CORE_XSDB.UUT_MASTER/U_ICON_INTERFACE/U_CMD6_WR/U_WR_FIFO/SUBCORE_FIFO.xsdbm_v3_0_0_wrfifo_inst/inst_fifo_gen/gconvfifo.rf/grf.rf/gntv_or_sync_fifo.gl0.wr/gwhf.whf/overflow,
dbg_hub/inst/BSCANID.u_xsdbm_id/CORE_XSDB.UUT_MASTER/U_ICON_INTERFACE/U_CMD6_WR/U_WR_FIFO/SUBCORE_FIFO.xsdbm_v3_0_0_wrfifo_inst/inst_fifo_gen/gconvfifo.rf/grf.rf/rstblk/rd_rst_reg[0],
dbg_hub/inst/BSCANID.u_xsdbm_id/CORE_XSDB.UUT_MASTER/U_ICON_INTERFACE/U_CMD7_CTL/ctl_reg[2:0],
dbg_hub/inst/BSCANID.u_xsdbm_id/CORE_XSDB.UUT_MASTER/U_ICON_INTERFACE/U_CMD7_CTL/ctl_reg_en_2[1],
dbg_hub/inst/BSCANID.u_xsdbm_id/SWITCH_N_EXT_BSCAN.bscan_inst/s_bscan_tms,
dbg_hub/inst/BSCANID.u_xsdbm_id/SWITCH_N_EXT_BSCAN.bscan_switch/m_bscan_capture[0],
dbg_hub/inst/BSCANID.u_xsdbm_id/SWITCH_N_EXT_BSCAN.bscan_switch/m_bscan_drck[0],
dbg_hub/inst/BSCANID.u_xsdbm_id/SWITCH_N_EXT_BSCAN.bscan_switch/m_bscan_runtest[0],
design_1_i/system_ila_0/U0/ila_lib/U0/ila_core_inst/u_ila_regs/U_XSDB_SLAVE/s_daddr_o[13],
design_1_i/system_ila_0/U0/ila_lib/U0/ila_core_inst/u_ila_regs/U_XSDB_SLAVE/s_daddr_o[14]
 (the first 15 of 23 listed).
Related violations: <none>


