
*** Running vivado
    with args -log design_1_TDCChannelSlice_0_0.vds -m64 -product Vivado -mode batch -messageDb vivado.pb -notrace -source design_1_TDCChannelSlice_0_0.tcl


****** Vivado v2020.2 (64-bit)
  **** SW Build 3064766 on Wed Nov 18 09:12:47 MST 2020
  **** IP Build 3064653 on Wed Nov 18 14:17:31 MST 2020
    ** Copyright 1986-2020 Xilinx, Inc. All Rights Reserved.

source design_1_TDCChannelSlice_0_0.tcl -notrace
INFO: [IP_Flow 19-234] Refreshing IP repositories
INFO: [IP_Flow 19-1700] Loaded user IP repository '/home/mconsonni/Utility_Ip_Core'.
INFO: [IP_Flow 19-2313] Loaded Vivado IP repository '/opt/Xilinx/Vivado/2020.2/data/ip'.
Command: synth_design -top design_1_TDCChannelSlice_0_0 -part xc7a100tftg256-2 -mode out_of_context
Starting synth_design
Attempting to get a license for feature 'Synthesis' and/or device 'xc7a100t'
INFO: [Common 17-349] Got license for feature 'Synthesis' and/or device 'xc7a100t'
INFO: [Device 21-403] Loading part xc7a100tftg256-2
INFO: [Synth 8-7079] Multithreading enabled for synth_design using a maximum of 4 processes.
INFO: [Synth 8-7078] Launching helper process for spawning children vivado processes
INFO: [Synth 8-7075] Helper process launched with PID 49547
---------------------------------------------------------------------------------
Starting RTL Elaboration : Time (s): cpu = 00:00:03 ; elapsed = 00:00:03 . Memory (MB): peak = 2300.730 ; gain = 0.000 ; free physical = 1710 ; free virtual = 11171
---------------------------------------------------------------------------------
INFO: [Synth 8-638] synthesizing module 'design_1_TDCChannelSlice_0_0' [/home/mconsonni/Desktop/DESD/Projects/TDC_Measurement_Setup/TDC_Measurement_Setup.gen/sources_1/bd/design_1/ip/design_1_TDCChannelSlice_0_0/synth/design_1_TDCChannelSlice_0_0.vhd:75]
	Parameter BIT_STRETCH_LENGTH bound to: 3 - type: integer 
	Parameter BIT_DIVIDER bound to: 4 - type: integer 
	Parameter DEST_SYNC_FF bound to: 2 - type: integer 
	Parameter SRC_SYNC_FF bound to: 2 - type: integer 
	Parameter TDC_ENABLE_DEBUG_PORTS bound to: 0 - type: bool 
	Parameter BIT_OVERFLOW bound to: 16 - type: integer 
	Parameter BIT_COARSE bound to: 8 - type: integer 
	Parameter BIT_RESOLUTION bound to: 16 - type: integer 
INFO: [Synth 8-3491] module 'TDCChannelSlice' declared at '/home/mconsonni/Desktop/DESD/Projects/TDC_Measurement_Setup/TDC_Measurement_Setup.gen/sources_1/bd/design_1/ipshared/c048/hdl/tdc_channel_slice.vhd:141' bound to instance 'U0' of component 'TDCChannelSlice' [/home/mconsonni/Desktop/DESD/Projects/TDC_Measurement_Setup/TDC_Measurement_Setup.gen/sources_1/bd/design_1/ip/design_1_TDCChannelSlice_0_0/synth/design_1_TDCChannelSlice_0_0.vhd:151]
INFO: [Synth 8-6157] synthesizing module 'xpm_cdc_handshake' [/opt/Xilinx/Vivado/2020.2/data/ip/xpm/xpm_cdc/hdl/xpm_cdc.sv:469]
INFO: [Synth 8-6157] synthesizing module 'xpm_cdc_single' [/opt/Xilinx/Vivado/2020.2/data/ip/xpm/xpm_cdc/hdl/xpm_cdc.sv:153]
	Parameter DEST_SYNC_FF bound to: 2 - type: integer 
	Parameter INIT_SYNC_FF bound to: 1 - type: integer 
	Parameter SIM_ASSERT_CHK bound to: 0 - type: integer 
	Parameter SRC_INPUT_REG bound to: 0 - type: integer 
	Parameter VERSION bound to: 0 - type: integer 
INFO: [Synth 8-6155] done synthesizing module 'xpm_cdc_single' (1#1) [/opt/Xilinx/Vivado/2020.2/data/ip/xpm/xpm_cdc/hdl/xpm_cdc.sv:153]
INFO: [Synth 8-6155] done synthesizing module 'xpm_cdc_handshake' (2#1) [/opt/Xilinx/Vivado/2020.2/data/ip/xpm/xpm_cdc/hdl/xpm_cdc.sv:469]
INFO: [Synth 8-6157] synthesizing module 'xpm_cdc_handshake__parameterized1' [/opt/Xilinx/Vivado/2020.2/data/ip/xpm/xpm_cdc/hdl/xpm_cdc.sv:469]
INFO: [Synth 8-6155] done synthesizing module 'xpm_cdc_handshake__parameterized1' (3#1) [/opt/Xilinx/Vivado/2020.2/data/ip/xpm/xpm_cdc/hdl/xpm_cdc.sv:469]
INFO: [Synth 8-6157] synthesizing module 'xpm_cdc_handshake__parameterized3' [/opt/Xilinx/Vivado/2020.2/data/ip/xpm/xpm_cdc/hdl/xpm_cdc.sv:469]
INFO: [Synth 8-6155] done synthesizing module 'xpm_cdc_handshake__parameterized3' (3#1) [/opt/Xilinx/Vivado/2020.2/data/ip/xpm/xpm_cdc/hdl/xpm_cdc.sv:469]
INFO: [Synth 8-6157] synthesizing module 'xpm_cdc_handshake__parameterized5' [/opt/Xilinx/Vivado/2020.2/data/ip/xpm/xpm_cdc/hdl/xpm_cdc.sv:469]
INFO: [Synth 8-6155] done synthesizing module 'xpm_cdc_handshake__parameterized5' (3#1) [/opt/Xilinx/Vivado/2020.2/data/ip/xpm/xpm_cdc/hdl/xpm_cdc.sv:469]
INFO: [Synth 8-256] done synthesizing module 'design_1_TDCChannelSlice_0_0' (5#1) [/home/mconsonni/Desktop/DESD/Projects/TDC_Measurement_Setup/TDC_Measurement_Setup.gen/sources_1/bd/design_1/ip/design_1_TDCChannelSlice_0_0/synth/design_1_TDCChannelSlice_0_0.vhd:75]
---------------------------------------------------------------------------------
Finished RTL Elaboration : Time (s): cpu = 00:00:04 ; elapsed = 00:00:04 . Memory (MB): peak = 2300.730 ; gain = 0.000 ; free physical = 2493 ; free virtual = 11954
---------------------------------------------------------------------------------
---------------------------------------------------------------------------------
Start Handling Custom Attributes
---------------------------------------------------------------------------------
---------------------------------------------------------------------------------
Finished Handling Custom Attributes : Time (s): cpu = 00:00:04 ; elapsed = 00:00:05 . Memory (MB): peak = 2300.730 ; gain = 0.000 ; free physical = 1893 ; free virtual = 11355
---------------------------------------------------------------------------------
---------------------------------------------------------------------------------
Finished RTL Optimization Phase 1 : Time (s): cpu = 00:00:04 ; elapsed = 00:00:05 . Memory (MB): peak = 2300.730 ; gain = 0.000 ; free physical = 1893 ; free virtual = 11354
---------------------------------------------------------------------------------
Netlist sorting complete. Time (s): cpu = 00:00:00.01 ; elapsed = 00:00:00.01 . Memory (MB): peak = 2300.730 ; gain = 0.000 ; free physical = 1841 ; free virtual = 11303
INFO: [Project 1-570] Preparing netlist for logic optimization

Processing XDC Constraints
Initializing timing engine
Parsing XDC File [/home/mconsonni/Desktop/DESD/Projects/TDC_Measurement_Setup/TDC_Measurement_Setup.gen/sources_1/bd/design_1/ip/design_1_TDCChannelSlice_0_0/src/timing_ooc.xdc] for cell 'U0'
Finished Parsing XDC File [/home/mconsonni/Desktop/DESD/Projects/TDC_Measurement_Setup/TDC_Measurement_Setup.gen/sources_1/bd/design_1/ip/design_1_TDCChannelSlice_0_0/src/timing_ooc.xdc] for cell 'U0'
Parsing XDC File [/home/mconsonni/Desktop/DESD/Projects/TDC_Measurement_Setup/TDC_Measurement_Setup.runs/design_1_TDCChannelSlice_0_0_synth_1/dont_touch.xdc]
Finished Parsing XDC File [/home/mconsonni/Desktop/DESD/Projects/TDC_Measurement_Setup/TDC_Measurement_Setup.runs/design_1_TDCChannelSlice_0_0_synth_1/dont_touch.xdc]
INFO: [Project 1-236] Implementation specific constraints were found while reading constraint file [/opt/Xilinx/Vivado/2020.2/data/ip/xpm/xpm_cdc/tcl/xpm_cdc_handshake.tcl]. These constraints will be ignored for synthesis but will be used in implementation. Impacted constraints are listed in the file [.Xil/design_1_TDCChannelSlice_0_0_propImpl.xdc].
Resolution: To avoid this warning, move constraints listed in [.Xil/design_1_TDCChannelSlice_0_0_propImpl.xdc] to another XDC file and exclude this new file from synthesis with the used_in_synthesis property (File Properties dialog in GUI) and re-run elaboration/synthesis.
INFO: [Project 1-236] Implementation specific constraints were found while reading constraint file [/opt/Xilinx/Vivado/2020.2/data/ip/xpm/xpm_cdc/tcl/xpm_cdc_single.tcl]. These constraints will be ignored for synthesis but will be used in implementation. Impacted constraints are listed in the file [.Xil/design_1_TDCChannelSlice_0_0_propImpl.xdc].
Resolution: To avoid this warning, move constraints listed in [.Xil/design_1_TDCChannelSlice_0_0_propImpl.xdc] to another XDC file and exclude this new file from synthesis with the used_in_synthesis property (File Properties dialog in GUI) and re-run elaboration/synthesis.
INFO: [Project 1-1715] 2 XPM XDC files have been applied to the design.
Completed Processing XDC Constraints

Netlist sorting complete. Time (s): cpu = 00:00:00 ; elapsed = 00:00:00 . Memory (MB): peak = 2332.672 ; gain = 0.000 ; free physical = 2195 ; free virtual = 11657
INFO: [Project 1-111] Unisim Transformation Summary:
No Unisim elements were transformed.

Constraint Validation Runtime : Time (s): cpu = 00:00:00.01 ; elapsed = 00:00:00.02 . Memory (MB): peak = 2332.672 ; gain = 0.000 ; free physical = 2192 ; free virtual = 11654
---------------------------------------------------------------------------------
Finished Constraint Validation : Time (s): cpu = 00:00:09 ; elapsed = 00:00:10 . Memory (MB): peak = 2332.672 ; gain = 31.941 ; free physical = 1997 ; free virtual = 11459
---------------------------------------------------------------------------------
---------------------------------------------------------------------------------
Start Loading Part and Timing Information
---------------------------------------------------------------------------------
Loading part: xc7a100tftg256-2
---------------------------------------------------------------------------------
Finished Loading Part and Timing Information : Time (s): cpu = 00:00:09 ; elapsed = 00:00:10 . Memory (MB): peak = 2332.672 ; gain = 31.941 ; free physical = 1997 ; free virtual = 11459
---------------------------------------------------------------------------------
---------------------------------------------------------------------------------
Start Applying 'set_property' XDC Constraints
---------------------------------------------------------------------------------
Applied set_property KEEP_HIERARCHY = SOFT for U0. (constraint file  /home/mconsonni/Desktop/DESD/Projects/TDC_Measurement_Setup/TDC_Measurement_Setup.runs/design_1_TDCChannelSlice_0_0_synth_1/dont_touch.xdc, line 9).
Applied set_property KEEP_HIERARCHY = SOFT for U0/inst_cdc_self_handshake_from_axi_to_tdc/Inst_xpm_cdc_handshake. (constraint file  auto generated constraint).
Applied set_property KEEP_HIERARCHY = SOFT for U0/inst_cdc_self_handshake_from_axi_to_sys/Inst_xpm_cdc_handshake. (constraint file  auto generated constraint).
Applied set_property KEEP_HIERARCHY = SOFT for U0/inst_cdc_self_handshake_from_bb_to_axi/Inst_xpm_cdc_handshake. (constraint file  auto generated constraint).
Applied set_property KEEP_HIERARCHY = SOFT for U0/inst_cdc_self_handshake_from_sys_to_axi/Inst_xpm_cdc_handshake. (constraint file  auto generated constraint).
Applied set_property KEEP_HIERARCHY = SOFT for U0/inst_cdc_self_handshake_from_axi_to_tdc/Inst_xpm_cdc_handshake/xpm_cdc_single_dest2src_inst. (constraint file  auto generated constraint).
Applied set_property KEEP_HIERARCHY = SOFT for U0/inst_cdc_self_handshake_from_axi_to_sys/Inst_xpm_cdc_handshake/xpm_cdc_single_dest2src_inst. (constraint file  auto generated constraint).
Applied set_property KEEP_HIERARCHY = SOFT for U0/inst_cdc_self_handshake_from_sys_to_axi/Inst_xpm_cdc_handshake/xpm_cdc_single_dest2src_inst. (constraint file  auto generated constraint).
Applied set_property KEEP_HIERARCHY = SOFT for U0/inst_cdc_self_handshake_from_bb_to_axi/Inst_xpm_cdc_handshake/xpm_cdc_single_dest2src_inst. (constraint file  auto generated constraint).
Applied set_property KEEP_HIERARCHY = SOFT for U0/inst_cdc_self_handshake_from_axi_to_tdc/Inst_xpm_cdc_handshake/xpm_cdc_single_src2dest_inst. (constraint file  auto generated constraint).
Applied set_property KEEP_HIERARCHY = SOFT for U0/inst_cdc_self_handshake_from_axi_to_sys/Inst_xpm_cdc_handshake/xpm_cdc_single_src2dest_inst. (constraint file  auto generated constraint).
Applied set_property KEEP_HIERARCHY = SOFT for U0/inst_cdc_self_handshake_from_sys_to_axi/Inst_xpm_cdc_handshake/xpm_cdc_single_src2dest_inst. (constraint file  auto generated constraint).
Applied set_property KEEP_HIERARCHY = SOFT for U0/inst_cdc_self_handshake_from_bb_to_axi/Inst_xpm_cdc_handshake/xpm_cdc_single_src2dest_inst. (constraint file  auto generated constraint).
---------------------------------------------------------------------------------
Finished applying 'set_property' XDC Constraints : Time (s): cpu = 00:00:09 ; elapsed = 00:00:10 . Memory (MB): peak = 2332.672 ; gain = 31.941 ; free physical = 1994 ; free virtual = 11456
---------------------------------------------------------------------------------
---------------------------------------------------------------------------------
Finished RTL Optimization Phase 2 : Time (s): cpu = 00:00:09 ; elapsed = 00:00:11 . Memory (MB): peak = 2332.672 ; gain = 31.941 ; free physical = 1980 ; free virtual = 11443
---------------------------------------------------------------------------------
---------------------------------------------------------------------------------
Start RTL Component Statistics 
---------------------------------------------------------------------------------
Detailed RTL Component Info : 
+---Registers : 
	               58 Bit    Registers := 2     
	               40 Bit    Registers := 2     
	               26 Bit    Registers := 2     
	                2 Bit    Registers := 8     
	                1 Bit    Registers := 14    
---------------------------------------------------------------------------------
Finished RTL Component Statistics 
---------------------------------------------------------------------------------
---------------------------------------------------------------------------------
Start Part Resource Summary
---------------------------------------------------------------------------------
Part Resources:
DSPs: 240 (col length:80)
BRAMs: 270 (col length: RAMB18 80 RAMB36 40)
---------------------------------------------------------------------------------
Finished Part Resource Summary
---------------------------------------------------------------------------------
---------------------------------------------------------------------------------
Start Cross Boundary and Area Optimization
---------------------------------------------------------------------------------
---------------------------------------------------------------------------------
Finished Cross Boundary and Area Optimization : Time (s): cpu = 00:00:10 ; elapsed = 00:00:11 . Memory (MB): peak = 2332.672 ; gain = 31.941 ; free physical = 1875 ; free virtual = 11341
---------------------------------------------------------------------------------
---------------------------------------------------------------------------------
Start Applying XDC Timing Constraints
---------------------------------------------------------------------------------
---------------------------------------------------------------------------------
Finished Applying XDC Timing Constraints : Time (s): cpu = 00:00:14 ; elapsed = 00:00:16 . Memory (MB): peak = 2332.672 ; gain = 31.941 ; free physical = 1538 ; free virtual = 11003
---------------------------------------------------------------------------------
---------------------------------------------------------------------------------
Start Timing Optimization
---------------------------------------------------------------------------------
---------------------------------------------------------------------------------
Finished Timing Optimization : Time (s): cpu = 00:00:14 ; elapsed = 00:00:16 . Memory (MB): peak = 2332.672 ; gain = 31.941 ; free physical = 1538 ; free virtual = 11003
---------------------------------------------------------------------------------
---------------------------------------------------------------------------------
Start Technology Mapping
---------------------------------------------------------------------------------
---------------------------------------------------------------------------------
Finished Technology Mapping : Time (s): cpu = 00:00:14 ; elapsed = 00:00:16 . Memory (MB): peak = 2332.672 ; gain = 31.941 ; free physical = 1544 ; free virtual = 11010
---------------------------------------------------------------------------------
---------------------------------------------------------------------------------
Start IO Insertion
---------------------------------------------------------------------------------
---------------------------------------------------------------------------------
Start Flattening Before IO Insertion
---------------------------------------------------------------------------------
---------------------------------------------------------------------------------
Finished Flattening Before IO Insertion
---------------------------------------------------------------------------------
---------------------------------------------------------------------------------
Start Final Netlist Cleanup
---------------------------------------------------------------------------------
---------------------------------------------------------------------------------
Finished Final Netlist Cleanup
---------------------------------------------------------------------------------
---------------------------------------------------------------------------------
Finished IO Insertion : Time (s): cpu = 00:00:16 ; elapsed = 00:00:18 . Memory (MB): peak = 2332.672 ; gain = 31.941 ; free physical = 1498 ; free virtual = 10964
---------------------------------------------------------------------------------
---------------------------------------------------------------------------------
Start Renaming Generated Instances
---------------------------------------------------------------------------------
---------------------------------------------------------------------------------
Finished Renaming Generated Instances : Time (s): cpu = 00:00:16 ; elapsed = 00:00:18 . Memory (MB): peak = 2332.672 ; gain = 31.941 ; free physical = 1498 ; free virtual = 10964
---------------------------------------------------------------------------------
---------------------------------------------------------------------------------
Start Rebuilding User Hierarchy
---------------------------------------------------------------------------------
---------------------------------------------------------------------------------
Finished Rebuilding User Hierarchy : Time (s): cpu = 00:00:16 ; elapsed = 00:00:18 . Memory (MB): peak = 2332.672 ; gain = 31.941 ; free physical = 1498 ; free virtual = 10964
---------------------------------------------------------------------------------
---------------------------------------------------------------------------------
Start Renaming Generated Ports
---------------------------------------------------------------------------------
---------------------------------------------------------------------------------
Finished Renaming Generated Ports : Time (s): cpu = 00:00:16 ; elapsed = 00:00:18 . Memory (MB): peak = 2332.672 ; gain = 31.941 ; free physical = 1498 ; free virtual = 10964
---------------------------------------------------------------------------------
---------------------------------------------------------------------------------
Start Handling Custom Attributes
---------------------------------------------------------------------------------
---------------------------------------------------------------------------------
Finished Handling Custom Attributes : Time (s): cpu = 00:00:16 ; elapsed = 00:00:18 . Memory (MB): peak = 2332.672 ; gain = 31.941 ; free physical = 1500 ; free virtual = 10966
---------------------------------------------------------------------------------
---------------------------------------------------------------------------------
Start Renaming Generated Nets
---------------------------------------------------------------------------------
---------------------------------------------------------------------------------
Finished Renaming Generated Nets : Time (s): cpu = 00:00:16 ; elapsed = 00:00:18 . Memory (MB): peak = 2332.672 ; gain = 31.941 ; free physical = 1500 ; free virtual = 10966
---------------------------------------------------------------------------------
---------------------------------------------------------------------------------
Start Writing Synthesis Report
---------------------------------------------------------------------------------

Report BlackBoxes: 
+-+--------------+----------+
| |BlackBox name |Instances |
+-+--------------+----------+
+-+--------------+----------+

Report Cell Usage: 
+------+-----+------+
|      |Cell |Count |
+------+-----+------+
|1     |LUT1 |     7|
|2     |LUT2 |     4|
|3     |LUT3 |     1|
|4     |FDRE |   230|
+------+-----+------+
---------------------------------------------------------------------------------
Finished Writing Synthesis Report : Time (s): cpu = 00:00:16 ; elapsed = 00:00:18 . Memory (MB): peak = 2332.672 ; gain = 31.941 ; free physical = 1500 ; free virtual = 10966
---------------------------------------------------------------------------------
Synthesis finished with 0 errors, 0 critical warnings and 0 warnings.
Synthesis Optimization Runtime : Time (s): cpu = 00:00:15 ; elapsed = 00:00:16 . Memory (MB): peak = 2332.672 ; gain = 0.000 ; free physical = 1554 ; free virtual = 11019
Synthesis Optimization Complete : Time (s): cpu = 00:00:17 ; elapsed = 00:00:18 . Memory (MB): peak = 2332.680 ; gain = 31.941 ; free physical = 1554 ; free virtual = 11019
INFO: [Project 1-571] Translating synthesized netlist
Netlist sorting complete. Time (s): cpu = 00:00:00 ; elapsed = 00:00:00 . Memory (MB): peak = 2332.680 ; gain = 0.000 ; free physical = 1639 ; free virtual = 11104
INFO: [Project 1-570] Preparing netlist for logic optimization
INFO: [Opt 31-138] Pushed 0 inverter(s) to 0 load pin(s).
Netlist sorting complete. Time (s): cpu = 00:00:00 ; elapsed = 00:00:00 . Memory (MB): peak = 2332.680 ; gain = 0.000 ; free physical = 1626 ; free virtual = 11092
INFO: [Project 1-111] Unisim Transformation Summary:
No Unisim elements were transformed.

INFO: [Common 17-83] Releasing license: Synthesis
31 Infos, 0 Warnings, 0 Critical Warnings and 0 Errors encountered.
synth_design completed successfully
synth_design: Time (s): cpu = 00:00:24 ; elapsed = 00:00:22 . Memory (MB): peak = 2332.680 ; gain = 32.023 ; free physical = 1758 ; free virtual = 11223
INFO: [Common 17-1381] The checkpoint '/home/mconsonni/Desktop/DESD/Projects/TDC_Measurement_Setup/TDC_Measurement_Setup.runs/design_1_TDCChannelSlice_0_0_synth_1/design_1_TDCChannelSlice_0_0.dcp' has been generated.
WARNING: [Common 17-576] 'use_project_ipc' is deprecated. This option is deprecated and no longer used.
INFO: [Coretcl 2-1648] Added synthesis output to IP cache for IP design_1_TDCChannelSlice_0_0, cache-ID = 1ffa89d6ff87a9f8
INFO: [Coretcl 2-1174] Renamed 17 cell refs.
INFO: [Common 17-1381] The checkpoint '/home/mconsonni/Desktop/DESD/Projects/TDC_Measurement_Setup/TDC_Measurement_Setup.runs/design_1_TDCChannelSlice_0_0_synth_1/design_1_TDCChannelSlice_0_0.dcp' has been generated.
INFO: [runtcl-4] Executing : report_utilization -file design_1_TDCChannelSlice_0_0_utilization_synth.rpt -pb design_1_TDCChannelSlice_0_0_utilization_synth.pb
INFO: [Common 17-206] Exiting Vivado at Thu Oct 21 17:52:09 2021...
