
*** Running vivado
    with args -log design_1_AXI4Stream_IperDecoder_0_1.vds -m64 -product Vivado -mode batch -messageDb vivado.pb -notrace -source design_1_AXI4Stream_IperDecoder_0_1.tcl


****** Vivado v2020.2 (64-bit)
  **** SW Build 3064766 on Wed Nov 18 09:12:47 MST 2020
  **** IP Build 3064653 on Wed Nov 18 14:17:31 MST 2020
    ** Copyright 1986-2020 Xilinx, Inc. All Rights Reserved.

source design_1_AXI4Stream_IperDecoder_0_1.tcl -notrace
INFO: [IP_Flow 19-234] Refreshing IP repositories
INFO: [IP_Flow 19-1700] Loaded user IP repository '/home/mconsonni/Utility_Ip_Core'.
INFO: [IP_Flow 19-2313] Loaded Vivado IP repository '/opt/Xilinx/Vivado/2020.2/data/ip'.
Command: synth_design -top design_1_AXI4Stream_IperDecoder_0_1 -part xc7a100tftg256-2 -mode out_of_context
Starting synth_design
Attempting to get a license for feature 'Synthesis' and/or device 'xc7a100t'
INFO: [Common 17-349] Got license for feature 'Synthesis' and/or device 'xc7a100t'
INFO: [Device 21-403] Loading part xc7a100tftg256-2
INFO: [Synth 8-7079] Multithreading enabled for synth_design using a maximum of 4 processes.
INFO: [Synth 8-7078] Launching helper process for spawning children vivado processes
INFO: [Synth 8-7075] Helper process launched with PID 8100
---------------------------------------------------------------------------------
Starting RTL Elaboration : Time (s): cpu = 00:00:04 ; elapsed = 00:00:05 . Memory (MB): peak = 2298.758 ; gain = 0.000 ; free physical = 7748 ; free virtual = 12019
---------------------------------------------------------------------------------
INFO: [Synth 8-638] synthesizing module 'design_1_AXI4Stream_IperDecoder_0_1' [/home/mconsonni/Desktop/Tesi/Projects/TDC_Measurement_Setup/TDC_Measurement_Setup.gen/sources_1/bd/design_1/ip/design_1_AXI4Stream_IperDecoder_0_1/synth/design_1_AXI4Stream_IperDecoder_0_1.vhd:68]
	Parameter FREE_RUNNING bound to: 1 - type: bool 
	Parameter EDGE_CHECK bound to: 0 - type: bool 
	Parameter MD_VS_TD bound to: MD - type: string 
	Parameter TYPE_DECODER bound to: T2B - type: string 
	Parameter TYPE_EDGE_0 bound to: DN - type: string 
	Parameter TYPE_EDGE_1 bound to: DN - type: string 
	Parameter TYPE_EDGE_2 bound to: DN - type: string 
	Parameter TYPE_EDGE_3 bound to: DN - type: string 
	Parameter TYPE_EDGE_5 bound to: DN - type: string 
	Parameter TYPE_EDGE_4 bound to: DN - type: string 
	Parameter TYPE_EDGE_6 bound to: DN - type: string 
	Parameter TYPE_EDGE_7 bound to: DN - type: string 
	Parameter TYPE_EDGE_8 bound to: DN - type: string 
	Parameter TYPE_EDGE_9 bound to: DN - type: string 
	Parameter TYPE_EDGE_10 bound to: DN - type: string 
	Parameter TYPE_EDGE_12 bound to: DN - type: string 
	Parameter TYPE_EDGE_11 bound to: DN - type: string 
	Parameter TYPE_EDGE_13 bound to: DN - type: string 
	Parameter TYPE_EDGE_14 bound to: DN - type: string 
	Parameter TYPE_EDGE_15 bound to: DN - type: string 
	Parameter BIT_COARSE bound to: 0 - type: integer 
	Parameter NUMBER_OF_TDL bound to: 4 - type: integer 
	Parameter BIT_TDL bound to: 256 - type: integer 
	Parameter BIT_BUBBLE bound to: 4 - type: integer 
	Parameter BIT_SUB_INT bound to: 10 - type: integer 
	Parameter DECO_LOG_MAX_INPUT_ENGINE_PIPELINE_0 bound to: 2 - type: integer 
	Parameter DECO_LOG_MAX_INPUT_ENGINE_PIPELINE_1 bound to: 2 - type: integer 
	Parameter DECO_T2B_MAX_INPUT_ENGINE_PIPELINE_0 bound to: 4 - type: integer 
	Parameter DECO_T2B_MAX_INPUT_ENGINE_PIPELINE_1 bound to: 2 - type: integer 
	Parameter DECO_T2B_MAX_INPUT_ENGINE_PIPELINE_2 bound to: 2 - type: integer 
	Parameter DECO_T2B_MAX_INPUT_ENGINE_PIPELINE_3 bound to: 2 - type: integer 
	Parameter SUB_INT_MAX_INPUT_ENGINE_PIPELINE_0 bound to: 4 - type: integer 
	Parameter SUB_INT_MAX_INPUT_ENGINE_PIPELINE_1 bound to: 2 - type: integer 
	Parameter PRINT_FULL_REPORT bound to: 0 - type: bool 
	Parameter OPTIMIZATION_MODE bound to: TIME - type: string 
	Parameter WEIGHT_AREA_VS_TIME_PERCENT bound to: 100 - type: integer 
	Parameter DEBUG_MODE bound to: 1 - type: bool 
INFO: [Synth 8-3491] module 'AXI4Stream_IperDecoder' declared at '/home/mconsonni/Desktop/Tesi/Projects/TDC_Measurement_Setup/TDC_Measurement_Setup.gen/sources_1/bd/design_1/ipshared/f3ca/hdl/IperDecoder/AXI4Stream_IperDecoder.vhd:83' bound to instance 'U0' of component 'AXI4Stream_IperDecoder' [/home/mconsonni/Desktop/Tesi/Projects/TDC_Measurement_Setup/TDC_Measurement_Setup.gen/sources_1/bd/design_1/ip/design_1_AXI4Stream_IperDecoder_0_1/synth/design_1_AXI4Stream_IperDecoder_0_1.vhd:142]
INFO: [Synth 8-256] done synthesizing module 'design_1_AXI4Stream_IperDecoder_0_1' (11#1) [/home/mconsonni/Desktop/Tesi/Projects/TDC_Measurement_Setup/TDC_Measurement_Setup.gen/sources_1/bd/design_1/ip/design_1_AXI4Stream_IperDecoder_0_1/synth/design_1_AXI4Stream_IperDecoder_0_1.vhd:68]
---------------------------------------------------------------------------------
Finished RTL Elaboration : Time (s): cpu = 00:00:06 ; elapsed = 00:00:09 . Memory (MB): peak = 2298.758 ; gain = 0.000 ; free physical = 7755 ; free virtual = 12042
---------------------------------------------------------------------------------
---------------------------------------------------------------------------------
Start Handling Custom Attributes
---------------------------------------------------------------------------------
---------------------------------------------------------------------------------
Finished Handling Custom Attributes : Time (s): cpu = 00:00:07 ; elapsed = 00:00:10 . Memory (MB): peak = 2298.758 ; gain = 0.000 ; free physical = 7773 ; free virtual = 12061
---------------------------------------------------------------------------------
---------------------------------------------------------------------------------
Finished RTL Optimization Phase 1 : Time (s): cpu = 00:00:07 ; elapsed = 00:00:10 . Memory (MB): peak = 2298.758 ; gain = 0.000 ; free physical = 7773 ; free virtual = 12061
---------------------------------------------------------------------------------
Netlist sorting complete. Time (s): cpu = 00:00:00.06 ; elapsed = 00:00:00.06 . Memory (MB): peak = 2298.758 ; gain = 0.000 ; free physical = 7763 ; free virtual = 12051
INFO: [Project 1-570] Preparing netlist for logic optimization

Processing XDC Constraints
Initializing timing engine
Parsing XDC File [/home/mconsonni/Desktop/Tesi/Projects/TDC_Measurement_Setup/TDC_Measurement_Setup.gen/sources_1/bd/design_1/ip/design_1_AXI4Stream_IperDecoder_0_1/src/timing_ooc.xdc] for cell 'U0'
Finished Parsing XDC File [/home/mconsonni/Desktop/Tesi/Projects/TDC_Measurement_Setup/TDC_Measurement_Setup.gen/sources_1/bd/design_1/ip/design_1_AXI4Stream_IperDecoder_0_1/src/timing_ooc.xdc] for cell 'U0'
Parsing XDC File [/home/mconsonni/Desktop/Tesi/Projects/TDC_Measurement_Setup/TDC_Measurement_Setup.runs/design_1_AXI4Stream_IperDecoder_0_1_synth_1/dont_touch.xdc]
Finished Parsing XDC File [/home/mconsonni/Desktop/Tesi/Projects/TDC_Measurement_Setup/TDC_Measurement_Setup.runs/design_1_AXI4Stream_IperDecoder_0_1_synth_1/dont_touch.xdc]
Completed Processing XDC Constraints

Netlist sorting complete. Time (s): cpu = 00:00:00 ; elapsed = 00:00:00 . Memory (MB): peak = 2336.637 ; gain = 0.000 ; free physical = 7554 ; free virtual = 11855
INFO: [Project 1-111] Unisim Transformation Summary:
No Unisim elements were transformed.

Constraint Validation Runtime : Time (s): cpu = 00:00:00.08 ; elapsed = 00:00:00.08 . Memory (MB): peak = 2340.605 ; gain = 3.969 ; free physical = 7552 ; free virtual = 11854
---------------------------------------------------------------------------------
Finished Constraint Validation : Time (s): cpu = 00:00:12 ; elapsed = 00:00:16 . Memory (MB): peak = 2340.605 ; gain = 41.848 ; free physical = 7646 ; free virtual = 11932
---------------------------------------------------------------------------------
---------------------------------------------------------------------------------
Start Loading Part and Timing Information
---------------------------------------------------------------------------------
Loading part: xc7a100tftg256-2
---------------------------------------------------------------------------------
Finished Loading Part and Timing Information : Time (s): cpu = 00:00:12 ; elapsed = 00:00:16 . Memory (MB): peak = 2340.605 ; gain = 41.848 ; free physical = 7646 ; free virtual = 11932
---------------------------------------------------------------------------------
---------------------------------------------------------------------------------
Start Applying 'set_property' XDC Constraints
---------------------------------------------------------------------------------
Applied set_property KEEP_HIERARCHY = SOFT for U0. (constraint file  /home/mconsonni/Desktop/Tesi/Projects/TDC_Measurement_Setup/TDC_Measurement_Setup.runs/design_1_AXI4Stream_IperDecoder_0_1_synth_1/dont_touch.xdc, line 9).
---------------------------------------------------------------------------------
Finished applying 'set_property' XDC Constraints : Time (s): cpu = 00:00:12 ; elapsed = 00:00:16 . Memory (MB): peak = 2340.605 ; gain = 41.848 ; free physical = 7646 ; free virtual = 11932
---------------------------------------------------------------------------------
---------------------------------------------------------------------------------
Finished RTL Optimization Phase 2 : Time (s): cpu = 00:00:12 ; elapsed = 00:00:16 . Memory (MB): peak = 2340.605 ; gain = 41.848 ; free physical = 7633 ; free virtual = 11923
---------------------------------------------------------------------------------
---------------------------------------------------------------------------------
Start RTL Component Statistics 
---------------------------------------------------------------------------------
Detailed RTL Component Info : 
+---Adders : 
	   2 Input   10 Bit       Adders := 1     
	   2 Input    9 Bit       Adders := 6     
	   2 Input    8 Bit       Adders := 8     
	   2 Input    7 Bit       Adders := 16    
	   2 Input    6 Bit       Adders := 32    
	   2 Input    5 Bit       Adders := 64    
	   2 Input    4 Bit       Adders := 128   
	   4 Input    3 Bit       Adders := 256   
+---Registers : 
	               10 Bit    Registers := 1     
	                9 Bit    Registers := 6     
	                8 Bit    Registers := 8     
	                7 Bit    Registers := 16    
	                6 Bit    Registers := 32    
	                5 Bit    Registers := 64    
	                4 Bit    Registers := 128   
	                3 Bit    Registers := 256   
	                1 Bit    Registers := 538   
+---Muxes : 
	   2 Input    8 Bit        Muxes := 4     
---------------------------------------------------------------------------------
Finished RTL Component Statistics 
---------------------------------------------------------------------------------
---------------------------------------------------------------------------------
Start Part Resource Summary
---------------------------------------------------------------------------------
Part Resources:
DSPs: 240 (col length:80)
BRAMs: 270 (col length: RAMB18 80 RAMB36 40)
---------------------------------------------------------------------------------
Finished Part Resource Summary
---------------------------------------------------------------------------------
---------------------------------------------------------------------------------
Start Cross Boundary and Area Optimization
---------------------------------------------------------------------------------
---------------------------------------------------------------------------------
Finished Cross Boundary and Area Optimization : Time (s): cpu = 00:00:20 ; elapsed = 00:00:25 . Memory (MB): peak = 2340.605 ; gain = 41.848 ; free physical = 7621 ; free virtual = 11919
---------------------------------------------------------------------------------
---------------------------------------------------------------------------------
Start Applying XDC Timing Constraints
---------------------------------------------------------------------------------
---------------------------------------------------------------------------------
Finished Applying XDC Timing Constraints : Time (s): cpu = 00:00:24 ; elapsed = 00:00:29 . Memory (MB): peak = 2340.605 ; gain = 41.848 ; free physical = 7499 ; free virtual = 11803
---------------------------------------------------------------------------------
---------------------------------------------------------------------------------
Start Timing Optimization
---------------------------------------------------------------------------------
---------------------------------------------------------------------------------
Finished Timing Optimization : Time (s): cpu = 00:00:24 ; elapsed = 00:00:30 . Memory (MB): peak = 2340.605 ; gain = 41.848 ; free physical = 7496 ; free virtual = 11801
---------------------------------------------------------------------------------
---------------------------------------------------------------------------------
Start Technology Mapping
---------------------------------------------------------------------------------
---------------------------------------------------------------------------------
Finished Technology Mapping : Time (s): cpu = 00:00:26 ; elapsed = 00:00:31 . Memory (MB): peak = 2340.605 ; gain = 41.848 ; free physical = 7507 ; free virtual = 11812
---------------------------------------------------------------------------------
---------------------------------------------------------------------------------
Start IO Insertion
---------------------------------------------------------------------------------
---------------------------------------------------------------------------------
Start Flattening Before IO Insertion
---------------------------------------------------------------------------------
---------------------------------------------------------------------------------
Finished Flattening Before IO Insertion
---------------------------------------------------------------------------------
---------------------------------------------------------------------------------
Start Final Netlist Cleanup
---------------------------------------------------------------------------------
---------------------------------------------------------------------------------
Finished Final Netlist Cleanup
---------------------------------------------------------------------------------
---------------------------------------------------------------------------------
Finished IO Insertion : Time (s): cpu = 00:00:28 ; elapsed = 00:00:33 . Memory (MB): peak = 2340.605 ; gain = 41.848 ; free physical = 7357 ; free virtual = 11662
---------------------------------------------------------------------------------
---------------------------------------------------------------------------------
Start Renaming Generated Instances
---------------------------------------------------------------------------------
---------------------------------------------------------------------------------
Finished Renaming Generated Instances : Time (s): cpu = 00:00:28 ; elapsed = 00:00:33 . Memory (MB): peak = 2340.605 ; gain = 41.848 ; free physical = 7355 ; free virtual = 11660
---------------------------------------------------------------------------------
---------------------------------------------------------------------------------
Start Rebuilding User Hierarchy
---------------------------------------------------------------------------------
---------------------------------------------------------------------------------
Finished Rebuilding User Hierarchy : Time (s): cpu = 00:00:28 ; elapsed = 00:00:34 . Memory (MB): peak = 2340.605 ; gain = 41.848 ; free physical = 7345 ; free virtual = 11650
---------------------------------------------------------------------------------
---------------------------------------------------------------------------------
Start Renaming Generated Ports
---------------------------------------------------------------------------------
---------------------------------------------------------------------------------
Finished Renaming Generated Ports : Time (s): cpu = 00:00:28 ; elapsed = 00:00:34 . Memory (MB): peak = 2340.605 ; gain = 41.848 ; free physical = 7345 ; free virtual = 11650
---------------------------------------------------------------------------------
---------------------------------------------------------------------------------
Start Handling Custom Attributes
---------------------------------------------------------------------------------
---------------------------------------------------------------------------------
Finished Handling Custom Attributes : Time (s): cpu = 00:00:29 ; elapsed = 00:00:34 . Memory (MB): peak = 2340.605 ; gain = 41.848 ; free physical = 7398 ; free virtual = 11703
---------------------------------------------------------------------------------
---------------------------------------------------------------------------------
Start Renaming Generated Nets
---------------------------------------------------------------------------------
---------------------------------------------------------------------------------
Finished Renaming Generated Nets : Time (s): cpu = 00:00:29 ; elapsed = 00:00:34 . Memory (MB): peak = 2340.605 ; gain = 41.848 ; free physical = 7409 ; free virtual = 11714
---------------------------------------------------------------------------------
---------------------------------------------------------------------------------
Start Writing Synthesis Report
---------------------------------------------------------------------------------

Report BlackBoxes: 
+-+--------------+----------+
| |BlackBox name |Instances |
+-+--------------+----------+
+-+--------------+----------+

Report Cell Usage: 
+------+-------+------+
|      |Cell   |Count |
+------+-------+------+
|1     |CARRY4 |    65|
|2     |LUT2   |   433|
|3     |LUT3   |   168|
|4     |LUT4   |   996|
|5     |LUT5   |    72|
|6     |LUT6   |   440|
|7     |FDCE   |  2033|
+------+-------+------+
---------------------------------------------------------------------------------
Finished Writing Synthesis Report : Time (s): cpu = 00:00:29 ; elapsed = 00:00:34 . Memory (MB): peak = 2340.605 ; gain = 41.848 ; free physical = 7418 ; free virtual = 11723
---------------------------------------------------------------------------------
Synthesis finished with 0 errors, 0 critical warnings and 0 warnings.
Synthesis Optimization Runtime : Time (s): cpu = 00:00:26 ; elapsed = 00:00:31 . Memory (MB): peak = 2340.605 ; gain = 0.000 ; free physical = 7529 ; free virtual = 11834
Synthesis Optimization Complete : Time (s): cpu = 00:00:29 ; elapsed = 00:00:34 . Memory (MB): peak = 2340.613 ; gain = 41.848 ; free physical = 7530 ; free virtual = 11836
INFO: [Project 1-571] Translating synthesized netlist
Netlist sorting complete. Time (s): cpu = 00:00:00.06 ; elapsed = 00:00:00.05 . Memory (MB): peak = 2340.613 ; gain = 0.000 ; free physical = 7620 ; free virtual = 11927
INFO: [Netlist 29-17] Analyzing 65 Unisim elements for replacement
INFO: [Netlist 29-28] Unisim Transformation completed in 0 CPU seconds
INFO: [Project 1-570] Preparing netlist for logic optimization
INFO: [Opt 31-138] Pushed 0 inverter(s) to 0 load pin(s).
Netlist sorting complete. Time (s): cpu = 00:00:00 ; elapsed = 00:00:00.01 . Memory (MB): peak = 2340.613 ; gain = 0.000 ; free physical = 7556 ; free virtual = 11864
INFO: [Project 1-111] Unisim Transformation Summary:
No Unisim elements were transformed.

INFO: [Common 17-83] Releasing license: Synthesis
20 Infos, 0 Warnings, 0 Critical Warnings and 0 Errors encountered.
synth_design completed successfully
synth_design: Time (s): cpu = 00:00:37 ; elapsed = 00:00:38 . Memory (MB): peak = 2340.613 ; gain = 41.930 ; free physical = 7698 ; free virtual = 12006
INFO: [Common 17-1381] The checkpoint '/home/mconsonni/Desktop/Tesi/Projects/TDC_Measurement_Setup/TDC_Measurement_Setup.runs/design_1_AXI4Stream_IperDecoder_0_1_synth_1/design_1_AXI4Stream_IperDecoder_0_1.dcp' has been generated.
WARNING: [Common 17-576] 'use_project_ipc' is deprecated. This option is deprecated and no longer used.
INFO: [Coretcl 2-1648] Added synthesis output to IP cache for IP design_1_AXI4Stream_IperDecoder_0_1, cache-ID = 1c8196f5ffb0b6c1
config_ip_cache: Time (s): cpu = 00:00:04 ; elapsed = 00:00:07 . Memory (MB): peak = 2372.621 ; gain = 0.000 ; free physical = 7870 ; free virtual = 12186
INFO: [Coretcl 2-1174] Renamed 550 cell refs.
INFO: [Common 17-1381] The checkpoint '/home/mconsonni/Desktop/Tesi/Projects/TDC_Measurement_Setup/TDC_Measurement_Setup.runs/design_1_AXI4Stream_IperDecoder_0_1_synth_1/design_1_AXI4Stream_IperDecoder_0_1.dcp' has been generated.
INFO: [runtcl-4] Executing : report_utilization -file design_1_AXI4Stream_IperDecoder_0_1_utilization_synth.rpt -pb design_1_AXI4Stream_IperDecoder_0_1_utilization_synth.pb
INFO: [Common 17-206] Exiting Vivado at Tue Oct 26 10:06:32 2021...
